PRT1
281
814
4 0 2 (3520 1024 -448 ) (3520 1024 4480 ) (3072 1024 4480 ) (3072 1024 -448 ) 
4 0 1 (3072 1024 -448 ) (3072 1024 4480 ) (3072 1088 4480 ) (3072 1088 -448 ) 
4 1 4 (2048 1024 -448 ) (2048 1024 4480 ) (2048 1088 4480 ) (2048 1088 -448 ) 
4 1 3 (3072 1024 -448 ) (3072 1024 4480 ) (2048 1024 4480 ) (2048 1024 -448 ) 
4 2 107 (3520 0 -448 ) (3520 0 4480 ) (3072 0 4480 ) (3072 0 -448 ) 
4 2 3 (3072 1024 4480 ) (3072 1024 -448 ) (3072 0 -448 ) (3072 0 4480 ) 
4 3 108 (3072 0 -448 ) (3072 0 4480 ) (2048 0 4480 ) (2048 0 -448 ) 
4 3 18 (2048 0 -448 ) (2048 0 0 ) (2048 1024 0 ) (2048 1024 -448 ) 
4 3 17 (2048 0 0 ) (2048 0 128 ) (2048 32 128 ) (2048 32 0 ) 
4 3 15 (2048 32 128 ) (2048 1024 128 ) (2048 1024 0 ) (2048 32 0 ) 
4 3 11 (2048 0 128 ) (2048 0 148 ) (2048 48 184 ) (2048 48 128 ) 
4 3 10 (2048 48 184 ) (2048 1024 916 ) (2048 1024 128 ) (2048 48 128 ) 
4 3 9 (2048 0 148 ) (2048 0 4480 ) (2048 1024 4480 ) (2048 1024 916 ) 
4 4 18 (2048 1024 -448 ) (2048 1024 0 ) (1456 1024 0 ) (1456 1024 -448 ) 
4 4 15 (2048 1024 0 ) (2048 1024 128 ) (1456 1024 128 ) (1456 1024 0 ) 
4 4 10 (2048 1024 128 ) (2048 1024 916 ) (1456 1024 916 ) (1456 1024 128 ) 
4 4 9 (2048 1024 916 ) (2048 1024 4480 ) (1456 1024 4480 ) (1456 1024 916 ) 
4 4 6 (1456 1024 128 ) (1456 1024 4480 ) (1456 1056 4480 ) (1456 1056 128 ) 
4 4 7 (1456 1056 -448 ) (1456 1024 -448 ) (1456 1024 0 ) (1456 1056 0 ) 
4 4 5 (1456 1088 -448 ) (1456 1056 -448 ) (1456 1056 4480 ) (1456 1088 4480 ) 
4 5 6 (1424 1056 4480 ) (1424 1056 128 ) (1456 1056 128 ) (1456 1056 4480 ) 
4 5 7 (1424 1056 0 ) (1424 1056 -448 ) (1456 1056 -448 ) (1456 1056 0 ) 
4 5 8 (1424 1088 -448 ) (1424 1056 -448 ) (1424 1056 4480 ) (1424 1088 4480 ) 
4 6 10 (1424 1024 916 ) (1424 1024 128 ) (1456 1024 128 ) (1456 1024 916 ) 
4 6 9 (1456 1024 4480 ) (1424 1024 4480 ) (1424 1024 916 ) (1456 1024 916 ) 
4 6 8 (1424 1024 128 ) (1424 1024 4480 ) (1424 1056 4480 ) (1424 1056 128 ) 
4 7 18 (1424 1024 0 ) (1424 1024 -448 ) (1456 1024 -448 ) (1456 1024 0 ) 
4 7 8 (1424 1056 -448 ) (1424 1024 -448 ) (1424 1024 0 ) (1424 1056 0 ) 
4 8 21 (1024 1024 -448 ) (1024 1024 0 ) (1024 1088 0 ) (1024 1088 -448 ) 
4 8 19 (1024 1024 0 ) (1024 1024 4480 ) (1024 1088 4480 ) (1024 1088 0 ) 
4 8 18 (1024 1024 0 ) (1024 1024 -448 ) (1424 1024 -448 ) (1424 1024 0 ) 
4 8 16 (1024 1024 128 ) (1024 1024 0 ) (1424 1024 0 ) (1424 1024 128 ) 
4 8 10 (1024 1024 916 ) (1024 1024 128 ) (1424 1024 128 ) (1424 1024 916 ) 
4 8 9 (1424 1024 4480 ) (1024 1024 4480 ) (1024 1024 916 ) (1424 1024 916 ) 
4 9 115 (2048 0 148 ) (2048 0 4480 ) (1024 0 4480 ) (1024 0 148 ) 
3 9 33 (1024 0 148 ) (1024 0 172 ) (1024 16 160 ) 
3 9 32 (1024 0 172 ) (1024 32 172 ) (1024 16 160 ) 
5 9 31 (1024 0 172 ) (1024 0 4480 ) (1024 48 4480 ) (1024 48 184 ) (1024 32 172 ) 
4 9 25 (1024 48 4480 ) (1024 1024 4480 ) (1024 1024 916 ) (1024 48 184 ) 
4 9 14 (1472 0 147.998047 ) (1456 0 147.998047 ) (1439.998657 16.001307 160 ) (1472 16.001307 160 ) 
4 9 13 (1024 16.001305 160 ) (1024 48 183.998047 ) (1408 48 183.998047 ) (1440 16.001307 160 ) 
4 9 12 (1408 48 183.998047 ) (1472 48 183.998047 ) (1472 16.001307 160 ) (1440 16.001307 160 ) 
4 9 11 (2048 48 183.998047 ) (2048 0 147.998047 ) (1472 0 147.998047 ) (1472 48 183.998047 ) 
4 9 10 (2048 1024 915.998108 ) (2048 48 183.998047 ) (1024 48 183.998047 ) (1024 1024 915.998108 ) 
4 10 25 (1024 48 184 ) (1024 1024 916 ) (1024 1024 128 ) (1024 48 128 ) 
4 10 15 (1456 1024 128 ) (2048 1024 128 ) (2048 48 128 ) (1456 48 128 ) 
4 10 16 (1024 48 128 ) (1024 1024 128 ) (1424 1024 128 ) (1424 48 128 ) 
5 10 13 (1407.996216 48 184.001465 ) (1024 48 184.001465 ) (1024 48 136 ) (1408 48 136 ) (1440 48 160 ) 
4 10 12 (1472 48 136 ) (1472 48 184.001465 ) (1407.996216 48 184.001465 ) (1471.997925 48 136 ) 
4 10 11 (1472 48 128 ) (2048 48 128 ) (2048 48 184.001465 ) (1472 48 184.001465 ) 
4 11 116 (2048 0 128 ) (2048 0 148 ) (1472 0 148 ) (1472 0 128 ) 
4 11 17 (2048 0 128 ) (1472 0 128 ) (1472 32 128 ) (2048 32 128 ) 
4 11 15 (1472 32 128 ) (1472 48 128 ) (2048 48 128 ) (2048 32 128 ) 
5 11 14 (1472 48 136 ) (1472 48 135.998489 ) (1472 0 135.998428 ) (1472 0 148.001465 ) (1472 16 160 ) 
3 11 12 (1472 48 184.001465 ) (1472 48 136 ) (1472 16 160 ) 
3 12 14 (1472 47.998169 135.998444 ) (1472 15.998050 159.998535 ) (1440 15.998050 159.998535 ) 
4 12 13 (1439.997070 16.002838 159.997864 ) (1439.994263 16 160 ) (1407.994385 48 184 ) (1439.997070 48 159.997894 ) 
4 13 32 (1024 16 160 ) (1024 32 172 ) (1024 48 172 ) (1024 48 136 ) 
3 13 31 (1024 32 172 ) (1024 48 184 ) (1024 48 172 ) 
3 14 117 (1472 0 148 ) (1455.998047 0 148 ) (1472 0 135.998428 ) 
4 15 18 (2048 1024 0 ) (2048 32 0 ) (1456 32 0 ) (1456 1024 0 ) 
4 15 17 (1456 32 0 ) (2048 32 0 ) (2048 32 128 ) (1456 32 128 ) 
4 16 79 (1024 32 128 ) (1024 1024 128 ) (1024 1024 0 ) (1024 32 0 ) 
4 16 18 (1424 32 0 ) (1024 32 0 ) (1024 1024 0 ) (1424 1024 0 ) 
4 17 119 (2048 0 0 ) (2048 0 128 ) (1456 0 128 ) (1456 0 0 ) 
4 17 18 (2048 32 0 ) (2048 0 0 ) (1456 0 0 ) (1456 32 0 ) 
4 18 119 (2048 0 -448 ) (2048 0 0 ) (1024 0 0 ) (1024 0 -448 ) 
4 18 99 (1024 0 -448 ) (1024 0 -28 ) (1024 32 -28 ) (1024 32 -448 ) 
4 18 96 (1024 0 -28 ) (1024 0 0 ) (1024 32 0 ) (1024 32 -28 ) 
4 18 79 (1024 32 0 ) (1024 1024 0 ) (1024 1024 -448 ) (1024 32 -448 ) 
4 19 88 (448 1024 128 ) (416 1024 128 ) (416 1024 0 ) (448 1024 0 ) 
4 19 90 (416 1024 128 ) (358 1024 128 ) (358 1024 0 ) (416 1024 0 ) 
4 19 83 (704 1024 128 ) (448 1024 128 ) (448 1024 0 ) (704 1024 0 ) 
4 19 80 (736 1024 128 ) (704 1024 128 ) (704 1024 0 ) (736 1024 0 ) 
4 19 79 (1024 1024 0 ) (1024 1024 128 ) (736 1024 128 ) (736 1024 0 ) 
4 19 28 (448 1024 4480 ) (358 1024 4480 ) (358 1024 128 ) (448 1024 128 ) 
4 19 26 (704 1024 4480 ) (448 1024 4480 ) (448 1024 128 ) (704 1024 128 ) 
4 19 25 (1024 1024 128 ) (1024 1024 4480 ) (704 1024 4480 ) (704 1024 128 ) 
4 19 21 (358 1088 0 ) (1024 1088 0 ) (1024 1024 0 ) (358 1024 0 ) 
4 19 20 (358 1024 422 ) (358 1024 4480 ) (358 1088 4480 ) (358 1088 422 ) 
4 20 29 (358 1024 4480 ) (0 1024 4480 ) (0 1024 422 ) (358 1024 422 ) 
4 20 22 (0 1024 422 ) (0 1024 4480 ) (0 1088 4480 ) (0 1088 422 ) 
4 21 93 (0 1024 -23.752300 ) (0 1024 -448 ) (448 1024 -448 ) (448 1024 -23.752300 ) 
4 21 91 (358 1024 0 ) (0 1024 0 ) (0 1024 -23.752300 ) (358 1024 -23.752300 ) 
4 21 88 (448 1024 0 ) (416 1024 0 ) (416 1024 -23.752300 ) (448 1024 -23.752300 ) 
4 21 90 (416 1024 0 ) (358 1024 0 ) (358 1024 -23.752300 ) (416 1024 -23.752300 ) 
4 21 85 (448 1024 -12.655300 ) (448 1024 -448 ) (704 1024 -448 ) (704 1024 -12.655300 ) 
4 21 83 (704 1024 0 ) (448 1024 0 ) (448 1024 -12.655300 ) (704 1024 -12.655300 ) 
4 21 80 (736 1024 0 ) (704 1024 0 ) (704 1024 -448 ) (736 1024 -448 ) 
4 21 79 (1024 1024 -448 ) (1024 1024 0 ) (736 1024 0 ) (736 1024 -448 ) 
4 21 24 (0 1024 -448 ) (0 1024 0 ) (0 1088 0 ) (0 1088 -448 ) 
4 22 100 (0 1024 422 ) (0 1024 4480 ) (-408 1024 4480 ) (-408 1024 422 ) 
4 22 23 (-408 1024 422 ) (-408 1024 4480 ) (-408 1088 4480 ) (-408 1088 422 ) 
4 23 182 (-1024 1024 0 ) (-1024 1024 4480 ) (-1024 1088 4480 ) (-1024 1088 0 ) 
4 23 102 (-1024 1024 422 ) (-1024 1024 0 ) (-408 1024 0 ) (-408 1024 422 ) 
4 23 100 (-408 1024 4480 ) (-1024 1024 4480 ) (-1024 1024 422 ) (-408 1024 422 ) 
4 23 24 (-408 1024 0 ) (-1024 1024 0 ) (-1024 1088 0 ) (-408 1088 0 ) 
4 24 182 (-1024 1024 -448 ) (-1024 1024 0 ) (-1024 1088 0 ) (-1024 1088 -448 ) 
4 24 106 (0 1024 -448 ) (0 1024 0 ) (-1024 1024 0 ) (-1024 1024 -448 ) 
4 25 81 (736 320 128 ) (736 48 128 ) (704 48 128 ) (704 320 128 ) 
4 25 80 (704 1024 128 ) (736 1024 128 ) (736 320 128 ) (704 320 128 ) 
4 25 79 (736 1024 128 ) (1024 1024 128 ) (1024 48 128 ) (736 48 128 ) 
4 25 32 (1024 48 136 ) (1024 48 172 ) (704 48 172 ) (704 48 136 ) 
4 25 31 (1024 48 172 ) (1024 48 4480 ) (704 48 4480 ) (704 48 172 ) 
4 25 27 (704 48 144 ) (704 48 4480 ) (704 288 4480 ) (704 288 144 ) 
4 25 26 (704 1024 128 ) (704 288 128 ) (704 288 4480 ) (704 1024 4480 ) 
4 26 84 (704 320 128 ) (704 288 128 ) (448 288 128 ) (448 320 128 ) 
4 26 83 (448 1024 128 ) (704 1024 128 ) (704 320 128 ) (448 320 128 ) 
4 26 28 (448 1024 128 ) (448 288 128 ) (448 288 4480 ) (448 1024 4480 ) 
4 26 27 (448 288 4480 ) (448 288 144 ) (704 288 144 ) (704 288 4480 ) 
4 27 74 (448 48 157.281998 ) (448 48 144 ) (474.666687 48 144 ) (459.170990 48 157.281998 ) 
4 27 73 (474.666687 48 144 ) (484 48 144 ) (484 48 157.281998 ) (459.170990 48 157.281998 ) 
4 27 69 (484 48 144 ) (508 48 144 ) (508 48 157.281998 ) (484 48 157.281998 ) 
3 27 67 (448 48 166.857132 ) (448 48 157.281998 ) (459.170990 48 157.281998 ) 
5 27 66 (472 48 172 ) (448 48 172 ) (448 48 166.857132 ) (459.170990 48 157.281998 ) (472 48 157.281998 ) 
4 27 62 (508 48 172 ) (472 48 172 ) (472 48 157.281998 ) (508 48 157.281998 ) 
4 27 55 (586 48 172 ) (508 48 172 ) (508 48 144 ) (618.666687 48 144 ) 
4 27 52 (603.171021 48 157.281998 ) (618.666687 48 144 ) (628 48 144 ) (628 48 157.281998 ) 
4 27 50 (628 48 172 ) (616 48 172 ) (616 48 157.281998 ) (628 48 157.281998 ) 
4 27 51 (616 48 172 ) (586 48 172 ) (603.171021 48 157.281998 ) (616 48 157.281998 ) 
4 27 46 (652 48 157.281998 ) (628 48 157.281998 ) (628 48 144 ) (652 48 144 ) 
4 27 42 (704 48 144 ) (704 48 157.281998 ) (652 48 157.281998 ) (652 48 144 ) 
4 27 37 (664 48 172 ) (628 48 172 ) (628 48 157.281998 ) (664 48 157.281998 ) 
4 27 34 (704 48 157.281998 ) (704 48 172 ) (664 48 172 ) (664 48 157.281998 ) 
4 27 31 (704 48 172 ) (704 48 4480 ) (448 48 4480 ) (448 48 172 ) 
4 27 28 (448 48 144 ) (448 48 4480 ) (448 288 4480 ) (448 288 144 ) 
4 28 89 (448 320 128 ) (448 48 128 ) (416 48 128 ) (416 320 128 ) 
4 28 88 (416 1024 128 ) (448 1024 128 ) (448 320 128 ) (416 320 128 ) 
4 28 90 (358 1024 128 ) (416 1024 128 ) (416 48 128 ) (358 48 128 ) 
4 28 77 (448 48 136 ) (448 48 172 ) (358 48 172 ) (358 48 136 ) 
4 28 31 (448 48 172 ) (448 48 4480 ) (358 48 4480 ) (358 48 172 ) 
4 28 29 (358 809 422 ) (358 809 4480 ) (358 1024 4480 ) (358 1024 422 ) 
4 28 30 (358 809 128 ) (358 48 128 ) (358 48 4480 ) (358 809 4480 ) 
4 29 100 (0 1024 4480 ) (0 1024 422 ) (0 809 422 ) (0 809 4480 ) 
4 29 30 (358 809 422 ) (358 809 4480 ) (0 809 4480 ) (0 809 422 ) 
4 30 101 (0 809 128 ) (0 48 128 ) (0 48 422 ) (0 809 422 ) 
4 30 100 (0 48 422 ) (0 48 4480 ) (0 809 4480 ) (0 809 422 ) 
4 30 92 (358 809 128 ) (358 48 128 ) (0 48 128 ) (0 809 128 ) 
4 30 77 (0 48 172 ) (0 48 136 ) (358 48 136 ) (358 48 172 ) 
4 30 31 (0 48 4480 ) (0 48 172 ) (358 48 172 ) (358 48 4480 ) 
4 31 121 (1024 0 172 ) (1024 0 4480 ) (0 0 4480 ) (0 0 172 ) 
4 31 103 (0 0 172 ) (0 0 422 ) (0 48 422 ) (0 48 172 ) 
4 31 100 (0 0 422 ) (0 0 4480 ) (0 48 4480 ) (0 48 422 ) 
4 31 77 (0 48 172 ) (448 48 172 ) (448 0 172 ) (0 0 172 ) 
4 31 66 (448 48 172 ) (472 48 172 ) (472 0 172 ) (448 0 172 ) 
3 31 65 (508 35 172 ) (508 31 172 ) (504 35 172 ) 
3 31 64 (472 19 172 ) (472 35 172 ) (488 35 172 ) 
3 31 63 (475 0 172 ) (472 0 172 ) (472 3 172 ) 
4 31 62 (472 48 172 ) (508 48 172 ) (508 35 172 ) (472 35 172 ) 
3 31 59 (520 0 172 ) (517 0 172 ) (520 3 172 ) 
3 31 58 (539 0 172 ) (520 0 172 ) (520 19 172 ) 
4 31 55 (508 48 172 ) (586 48 172 ) (586 32 172 ) (508 32 172 ) 
5 31 54 (586 32 172 ) (586 0 172 ) (539 0 172 ) (508 31 172 ) (508 32 172 ) 
4 31 50 (616 48 172 ) (628 48 172 ) (628 31 172 ) (616 19 172 ) 
3 31 49 (619 0 172 ) (616 0 172 ) (616 3 172 ) 
4 31 51 (586 48 172 ) (616 48 172 ) (616 0 172 ) (586 0 172 ) 
3 31 40 (664 35 172 ) (664 19 172 ) (648 35 172 ) 
3 31 39 (628 31 172 ) (628 35 172 ) (632 35 172 ) 
3 31 38 (664 3 172 ) (664 0 172 ) (661 0 172 ) 
4 31 37 (628 48 172 ) (664 48 172 ) (664 35 172 ) (628 35 172 ) 
4 31 34 (664 48 172 ) (704 48 172 ) (704 0 172 ) (664 0 172 ) 
4 31 32 (704 48 172 ) (1024 48 172 ) (1024 0 172 ) (704 0 172 ) 
3 32 44 (704 32 148 ) (704 19.624012 157.281998 ) (704 32 157.281998 ) 
5 32 42 (704 48 157.281998 ) (704 48 144 ) (704 37.333355 144 ) (704 32 148 ) (704 32 157.281998 ) 
4 32 34 (704 0 172 ) (704 48 172 ) (704 48 157.281998 ) (704 19.624012 157.281998 ) 
4 32 33 (1024 -0.003900 172 ) (704 -0.003900 172 ) (704 15.998049 159.998535 ) (1024 15.998049 159.998535 ) 
4 33 126 (1024 0 148 ) (1024 0 157.281998 ) (704 0 157.281998 ) (704 0 148 ) 
4 33 123 (1024 0 157.281998 ) (1024 0 172 ) (704 0 172 ) (704 0 157.281998 ) 
3 33 41 (704 12.376001 157.281998 ) (704 0 148 ) (704 0 157.281998 ) 
4 33 36 (704 0 172 ) (704 16 160 ) (704 12.376001 157.281998 ) (704 0 157.281998 ) 
4 34 44 (704 32 157.281998 ) (704 19.624014 157.281998 ) (664 19.624014 157.281998 ) (664 32 157.281998 ) 
4 34 42 (664 48 157.281998 ) (704 48 157.281998 ) (704 32 157.281998 ) (664 32 157.281998 ) 
5 34 40 (664 35 157.281998 ) (664 19.624014 157.281998 ) (664 19 157.750015 ) (664 19 172 ) (664 35 172 ) 
3 34 38 (664 3 169.750015 ) (664 0 172 ) (664 3 172 ) 
4 34 37 (664 48 157.281998 ) (664 35 157.281998 ) (664 35 172 ) (664 48 172 ) 
4 34 36 (704 15.998547 159.998917 ) (704 -0.002904 172 ) (694 -0.002904 172 ) (679.998718 15.998547 159.998917 ) 
4 34 35 (664 -0.002904 172 ) (664 19.621098 157.281998 ) (676.828979 19.621098 157.281998 ) (694 -0.002904 172 ) 
4 35 123 (694 0 172 ) (664 0 172 ) (664 0 157.281998 ) (676.828979 0 157.281998 ) 
4 35 45 (664 12.375998 157.281998 ) (664 19.624014 157.281998 ) (676.828979 19.624014 157.281998 ) (676.828979 12.375998 157.281998 ) 
4 35 41 (676.828979 0 157.281998 ) (664 0 157.281998 ) (664 12.375998 157.281998 ) (676.828979 12.375998 157.281998 ) 
3 35 40 (664 19.624014 157.281998 ) (664 19 157.281998 ) (664 19 157.750015 ) 
4 35 38 (664 3 157.281998 ) (664 0 157.281998 ) (664 0 172 ) (664 3 169.750015 ) 
4 35 36 (676.830383 0 157.281998 ) (676.830383 12.375997 157.281998 ) (680.001953 16 160 ) (694.001404 0.001317 172 ) 
4 36 123 (704 0 172 ) (694 0 172 ) (676.828979 0 157.281998 ) (704 0 157.281998 ) 
4 36 41 (704 12.375998 157.281998 ) (704 0 157.281998 ) (676.828979 0 157.281998 ) (676.828979 12.375998 157.281998 ) 
4 37 50 (628 35 172 ) (628 48 172 ) (628 48 157.281998 ) (628 35 157.281998 ) 
4 37 46 (628 35 157.281998 ) (628 48 157.281998 ) (652 48 157.281998 ) (652 35 157.281998 ) 
4 37 42 (652 48 157.281998 ) (664 48 157.281998 ) (664 35 157.281998 ) (652 35 157.281998 ) 
4 37 40 (648 35 157.281998 ) (664 35 157.281998 ) (664 35 172 ) (648 35 172 ) 
4 37 39 (628 35 172 ) (628 35 157.281998 ) (632 35 157.281998 ) (632 35 172 ) 
4 38 123 (664 0 172 ) (661 0 172 ) (661 0 157.281998 ) (664 0 157.281998 ) 
3 38 41 (664 3 157.281998 ) (664 0 157.281998 ) (661 0 157.281998 ) 
4 39 50 (628 31 172 ) (628 35 172 ) (628 35 157.281998 ) (628 31 157.281998 ) 
4 39 46 (628 32 157.281998 ) (628 35 157.281998 ) (632 35 157.281998 ) (629 32 157.281998 ) 
3 39 47 (628 31 157.281998 ) (628 32 157.281998 ) (629 32 157.281998 ) 
4 40 46 (648 35 157.281998 ) (652 35 157.281998 ) (652 32 157.281998 ) (651 32 157.281998 ) 
3 40 47 (652 32 157.281998 ) (652 31 157.281998 ) (651 32 157.281998 ) 
3 40 45 (664 19.624001 157.281998 ) (664 19 157.281998 ) (663.375977 19.624001 157.281998 ) 
5 40 44 (664 32 157.281998 ) (664 19.624001 157.281998 ) (663.375977 19.624001 157.281998 ) (652 31 157.281998 ) (652 32 157.281998 ) 
4 40 42 (652 35 157.281998 ) (664 35 157.281998 ) (664 32 157.281998 ) (652 32 157.281998 ) 
4 41 126 (704 0 148 ) (704 0 157.281998 ) (652 0 157.281998 ) (652 0 148 ) 
4 41 45 (652 0 147.998795 ) (652 12.377598 157.281998 ) (676.829041 12.377598 157.281998 ) (665.998596 0 147.998795 ) 
5 42 46 (652 32 157.281998 ) (652 48 157.281998 ) (652 48 144 ) (652 37.333340 144 ) (652 32 148 ) 
4 42 44 (704 32 148 ) (704 32 157.281998 ) (652 32 157.281998 ) (652 32 148 ) 
4 42 43 (665.996582 32 147.997070 ) (652 32 147.997070 ) (652 37.329426 144 ) (661.333374 37.329426 144 ) 
3 43 46 (652 32 144 ) (652 32 148 ) (652 37.333340 144 ) 
4 43 45 (666 32 148 ) (652 32 148 ) (652 32 144 ) (661.333374 32 144 ) 
4 44 47 (652 23 157.281998 ) (652 32 157.281998 ) (652 32 148 ) (652 23 154.750000 ) 
4 44 45 (676.829041 19.620096 157.281998 ) (652 19.620096 157.281998 ) (652 32 147.997070 ) (665.996582 32 147.997070 ) 
3 45 127 (666 0 148 ) (652 0 148 ) (652 0 136 ) 
4 45 47 (652 23 154.750000 ) (652 32 148 ) (652 32 136 ) (652 23 136 ) 
4 46 52 (628 48 157.281998 ) (628 48 144 ) (628 32 144 ) (628 32 157.281998 ) 
4 46 47 (652 32 144 ) (652 32 157.281998 ) (628 32 157.281998 ) (628 32 144 ) 
4 47 53 (628 23 136 ) (628 23 157.281998 ) (628 32 157.281998 ) (628 32 136 ) 
4 47 48 (652 23 128 ) (652 23 128.281998 ) (628 23 128.281998 ) (628 23 128 ) 
4 48 128 (628 0 128.281998 ) (628 0 128 ) (652 0 128 ) (652 0 128.281998 ) 
4 49 122 (619 0 172 ) (616 0 172 ) (616 0 157.281998 ) (619 0 157.281998 ) 
3 49 53 (619 0 157.281998 ) (616 0 157.281998 ) (616 3 157.281998 ) 
4 49 51 (616 3 157.281998 ) (616 0 157.281998 ) (616 0 172 ) (616 3 172 ) 
4 50 52 (616 48 157.281998 ) (628 48 157.281998 ) (628 32 157.281998 ) (616 32 157.281998 ) 
4 50 53 (628 32 157.281998 ) (628 31 157.281998 ) (616 19 157.281998 ) (616 32 157.281998 ) 
4 50 51 (616 48 157.281998 ) (616 19 157.281998 ) (616 19 172 ) (616 48 172 ) 
4 51 122 (616 0 172 ) (586 0 172 ) (603.171021 0 157.281998 ) (616 0 157.281998 ) 
5 51 55 (586 32 172 ) (586 48 172 ) (603.171692 48 157.281998 ) (603.171692 19.624022 157.281998 ) (600 16 160 ) 
4 51 54 (586 0 172 ) (586 32 172 ) (603.171692 12.375996 157.281998 ) (603.171692 0 157.281998 ) 
4 51 52 (603.171875 32 157.281998 ) (603.171875 48 157.281998 ) (616 48 157.281998 ) (616 32 157.281998 ) 
4 51 53 (603.171875 0 157.281998 ) (603.171875 32 157.281998 ) (616 32 157.281998 ) (616 0 157.281998 ) 
5 52 55 (603.171692 48 157.281998 ) (618.667358 48 144 ) (618.667358 37.333332 144 ) (614 32 148 ) (603.171692 32 157.281998 ) 
4 52 53 (628 32 157.281998 ) (603.171875 32 157.281998 ) (618.667542 32 144 ) (628 32 144 ) 
3 53 132 (614 0 148 ) (628 0 136 ) (628 0 148 ) 
4 53 130 (603.171021 0 157.281998 ) (614 0 148 ) (628 0 148 ) (628 0 157.281998 ) 
3 53 55 (603.171692 19.624001 157.281998 ) (603.171692 32 157.281998 ) (614 32 148 ) 
3 53 54 (614 0 148 ) (603.171692 0 157.281998 ) (603.171692 12.375998 157.281998 ) 
4 54 130 (539 0 157.281998 ) (539 0 148 ) (614 0 148 ) (603.171021 0 157.281998 ) 
4 54 122 (586 0 172 ) (539 0 172 ) (539 0 157.281998 ) (603.171021 0 157.281998 ) 
3 54 65 (508 31 172 ) (508 32 172 ) (508 31 171.250000 ) 
4 54 61 (529.933350 9.066671 154.800003 ) (539 0 148 ) (539 0 157.281998 ) (532.828979 6.171012 157.281998 ) 
3 54 60 (526.624023 12.375998 157.281998 ) (529.933350 9.066671 154.800003 ) (532.828979 6.171012 157.281998 ) 
5 54 58 (520 19 162.250015 ) (526.624023 12.375998 157.281998 ) (539 0 157.281998 ) (539 0 172 ) (520 19 172 ) 
3 54 57 (529.932190 9.067903 154.798996 ) (522.998779 16.001295 160 ) (535.998901 16.001293 160 ) 
5 54 55 (585.998718 32.002571 172 ) (600 16.001289 160 ) (522.998779 16.001295 160 ) (508 31 171.248108 ) (508 32.002583 172 ) 
5 55 69 (508 48 157.281998 ) (508 48 144 ) (508 37.333344 144 ) (508 32 148 ) (508 32 157.281998 ) 
4 55 70 (508 32 148 ) (508 31 148.750000 ) (508 31 157.281998 ) (508 32 157.281998 ) 
5 55 65 (508 32 172 ) (508 35 172 ) (508 35 157.281998 ) (508 31 157.281998 ) (508 31 171.250000 ) 
4 55 62 (508 35 172 ) (508 48 172 ) (508 48 157.281998 ) (508 35 157.281998 ) 
3 55 60 (508 31 157.281998 ) (508 31 148.750000 ) (519.375977 19.624004 157.281998 ) 
3 55 58 (520 19 157.750015 ) (523 16 160 ) (520 19 162.250000 ) 
5 55 57 (535.998596 15.997726 159.998779 ) (523.002258 15.997726 159.998779 ) (508 31 148.747086 ) (508 32 147.997070 ) (521.996582 32 147.997070 ) 
4 55 56 (508 32 147.997070 ) (508 37.329430 144 ) (517.333313 37.329430 144 ) (521.996582 32 147.997070 ) 
3 56 69 (508 32 144 ) (508 32 148 ) (508 37.333340 144 ) 
4 56 57 (522 32 148 ) (508 32 148 ) (508 32 144 ) (517.333313 32 144 ) 
4 57 70 (508 31 136 ) (508 31 148.750000 ) (508 32 148 ) (508 32 136 ) 
5 57 60 (508 31 148.750000 ) (508 31 136 ) (529.933350 9.066661 154.799988 ) (526.624023 12.376003 157.281998 ) (519.375977 19.624004 157.281998 ) 
4 57 58 (526.624023 12.376003 157.281998 ) (523 16 160 ) (520 19 157.750015 ) (520 19 157.281998 ) 
4 58 122 (539 0 172 ) (520 0 172 ) (520 0 157.281998 ) (539 0 157.281998 ) 
3 58 61 (532.828979 6.171005 157.281998 ) (539 0 157.281998 ) (532.828979 0 157.281998 ) 
4 58 60 (520 19 157.281998 ) (532.828979 6.171005 157.281998 ) (532.828979 0 157.281998 ) (520 0 157.281998 ) 
4 58 59 (520 3 157.281998 ) (520 0 157.281998 ) (520 0 172 ) (520 3 172 ) 
4 59 122 (520 0 172 ) (517 0 172 ) (517 0 157.281998 ) (520 0 157.281998 ) 
3 59 60 (520 3 157.281998 ) (520 0 157.281998 ) (517 0 157.281998 ) 
3 60 131 (508 0 148 ) (508 0 136 ) (522 0 148 ) 
4 60 130 (508 0 157.281998 ) (508 0 148 ) (522 0 148 ) (532.828979 0 157.281998 ) 
4 60 70 (508 31 157.281998 ) (508 31 136 ) (508 23 136 ) (508 23 157.281998 ) 
4 60 61 (529.934265 9.066456 154.799850 ) (532.830139 6.170611 157.281998 ) (532.830139 0 157.281998 ) (522.001160 0 148 ) 
4 61 130 (539 0 148 ) (539 0 157.281998 ) (532.828979 0 157.281998 ) (522 0 148 ) 
4 62 73 (472 48 157.281998 ) (484 48 157.281998 ) (484 35 157.281998 ) (472 35 157.281998 ) 
4 62 69 (484 48 157.281998 ) (508 48 157.281998 ) (508 35 157.281998 ) (484 35 157.281998 ) 
4 62 66 (472 48 157.281998 ) (472 35 157.281998 ) (472 35 172 ) (472 48 172 ) 
4 62 65 (504 35 157.281998 ) (508 35 157.281998 ) (508 35 172 ) (504 35 172 ) 
4 62 64 (472 35 172 ) (472 35 157.281998 ) (488 35 157.281998 ) (488 35 172 ) 
4 63 124 (475 0 172 ) (472 0 172 ) (472 0 157.281998 ) (475 0 157.281998 ) 
3 63 72 (475 0 157.281998 ) (472 0 157.281998 ) (472 3 157.281998 ) 
4 63 66 (472 3 157.281998 ) (472 0 157.281998 ) (472 0 172 ) (472 3 172 ) 
4 64 75 (472 19 157.281998 ) (472 32 157.281998 ) (484 32 157.281998 ) (484 31 157.281998 ) 
4 64 73 (472 32 157.281998 ) (472 35 157.281998 ) (484 35 157.281998 ) (484 32 157.281998 ) 
4 64 69 (484 35 157.281998 ) (488 35 157.281998 ) (485 32 157.281998 ) (484 32 157.281998 ) 
3 64 70 (485 32 157.281998 ) (484 31 157.281998 ) (484 32 157.281998 ) 
4 64 66 (472 35 157.281998 ) (472 19 157.281998 ) (472 19 172 ) (472 35 172 ) 
4 65 69 (508 35 157.281998 ) (508 32 157.281998 ) (507 32 157.281998 ) (504 35 157.281998 ) 
3 65 70 (508 32 157.281998 ) (508 31 157.281998 ) (507 32 157.281998 ) 
5 66 124 (472 0 172 ) (448 0 172 ) (448 0 166.857132 ) (459.170990 0 157.281998 ) (472 0 157.281998 ) 
3 66 78 (448 0 172 ) (448 6.857171 166.857132 ) (448 0 166.857132 ) 
4 66 77 (448 0 172 ) (448 48 172 ) (448 48 166.857132 ) (448 6.857171 166.857132 ) 
4 66 75 (472 32 157.281998 ) (472 12.375996 157.281998 ) (459.170990 12.375996 157.281998 ) (459.170990 32 157.281998 ) 
4 66 73 (459.170990 48 157.281998 ) (472 48 157.281998 ) (472 32 157.281998 ) (459.170990 32 157.281998 ) 
4 66 72 (472 12.375996 157.281998 ) (472 0 157.281998 ) (459.170990 0 157.281998 ) (459.170990 12.375996 157.281998 ) 
5 66 68 (448 0 166.858276 ) (448 6.855646 166.858276 ) (456.001312 16 160 ) (459.172333 12.375998 157.281998 ) (459.172333 0 157.281998 ) 
4 66 67 (448 6.855646 166.858276 ) (448 48 166.858276 ) (459.172333 48 157.281998 ) (459.172333 19.624014 157.281998 ) 
4 67 77 (448 48 166.857132 ) (448 48 157.281998 ) (448 19.624014 157.281998 ) (448 6.857172 166.857132 ) 
4 67 76 (448 19.624014 157.281998 ) (448 32 157.281998 ) (459.170990 32 157.281998 ) (459.170990 19.624014 157.281998 ) 
4 67 74 (448 32 157.281998 ) (448 48 157.281998 ) (459.170990 48 157.281998 ) (459.170990 32 157.281998 ) 
3 67 68 (456.001709 15.998046 159.998535 ) (448 6.853248 166.857132 ) (448 15.998045 159.998535 ) 
3 68 124 (448 0 166.857132 ) (448 0 157.281998 ) (459.170990 0 157.281998 ) 
5 68 78 (448 12.375998 157.281998 ) (448 0 157.281998 ) (448 0 166.857132 ) (448 6.857172 166.857132 ) (448 16 160 ) 
4 68 72 (448 0 157.281998 ) (448 12.375998 157.281998 ) (459.170990 12.375998 157.281998 ) (459.170990 0 157.281998 ) 
4 69 73 (484 32 157.281998 ) (484 48 157.281998 ) (484 48 144 ) (484 32 144 ) 
4 69 70 (484 32 157.281998 ) (484 32 144 ) (508 32 144 ) (508 32 157.281998 ) 
4 70 75 (484 23 157.281998 ) (484 32 157.281998 ) (484 32 136 ) (484 23 136 ) 
4 70 71 (484 23 128.281998 ) (484 23 128 ) (508 23 128 ) (508 23 128.281998 ) 
4 71 133 (484 0 128 ) (508 0 128 ) (508 0 128.281998 ) (484 0 128.281998 ) 
4 72 135 (448 0 157.281998 ) (448 0 148 ) (484 0 148 ) (484 0 157.281998 ) 
3 72 78 (448 0 148 ) (448 0 157.281998 ) (448 12.375996 157.281998 ) 
4 72 75 (459.170990 12.377598 157.281998 ) (484 12.377598 157.281998 ) (484 0 147.998795 ) (470.001404 0 147.998795 ) 
4 73 75 (484 32 144 ) (484 32 157.281998 ) (459.170990 32 157.281998 ) (474.666687 32 144 ) 
5 73 74 (470.001343 32 148 ) (459.172333 32 157.281998 ) (459.172333 48 157.281998 ) (474.667999 48 144 ) (474.667999 37.333332 144 ) 
5 74 77 (448 48 157.281998 ) (448 48 144 ) (448 37.333332 144 ) (448 32 148 ) (448 32 157.281998 ) 
4 74 76 (470 32 148 ) (459.170990 32 157.281998 ) (448 32 157.281998 ) (448 32 148 ) 
3 75 136 (484 0 136 ) (484 0 148 ) (470 0 148 ) 
3 75 76 (459.172333 19.624012 157.281998 ) (459.172333 32 157.281998 ) (470.001312 32 148 ) 
3 76 77 (448 19.624016 157.281998 ) (448 32 157.281998 ) (448 32 148 ) 
3 77 103 (0 0 172 ) (0 48 172 ) (0 48 136 ) 
4 77 78 (448 15.998049 159.998535 ) (448 -0.003900 172 ) (0 -0.003900 172 ) (0 15.998049 159.998535 ) 
4 78 135 (0 0 157.281998 ) (0 0 148 ) (448 0 148 ) (448 0 157.281998 ) 
4 78 124 (448 0 172 ) (0 0 172 ) (0 0 157.281998 ) (448 0 157.281998 ) 
3 78 104 (0 0 148 ) (0 0 172 ) (0 16 160 ) 
4 79 99 (736 32 -28 ) (736 32 -448 ) (1024 32 -448 ) (1024 32 -28 ) 
4 79 96 (736 32 0 ) (736 32 -28 ) (1024 32 -28 ) (1024 32 0 ) 
4 79 81 (736 32 112 ) (736 32 128 ) (736 320 128 ) (736 320 112 ) 
4 79 82 (736 320 -448 ) (736 32 -448 ) (736 32 -45.600800 ) (736 320 -45.600800 ) 
4 79 80 (736 1024 -448 ) (736 320 -448 ) (736 320 128 ) (736 1024 128 ) 
4 80 85 (704 1024 -12.655300 ) (704 1024 -448 ) (704 320 -448 ) (704 320 -12.655300 ) 
4 80 83 (704 320 128 ) (704 1024 128 ) (704 1024 -12.655300 ) (704 320 -12.655300 ) 
4 80 81 (704 320 128 ) (704 320 112 ) (736 320 112 ) (736 320 128 ) 
4 80 82 (704 320 -45.600800 ) (704 320 -448 ) (736 320 -448 ) (736 320 -45.600800 ) 
4 81 84 (704 288 128 ) (704 320 128 ) (704 320 112 ) (704 288 112 ) 
4 82 99 (704 32 -45.600800 ) (704 32 -448 ) (736 32 -448 ) (736 32 -45.600800 ) 
4 82 87 (704 32 -448 ) (704 32 -45.600800 ) (704 288 -45.600800 ) (704 288 -448 ) 
4 82 85 (704 288 -45.600800 ) (704 320 -45.600800 ) (704 320 -448 ) (704 288 -448 ) 
4 83 88 (448 320 128 ) (448 1024 128 ) (448 1024 -12.655300 ) (448 320 -12.655300 ) 
4 83 85 (448 320 -12.655300 ) (448 1024 -12.655300 ) (704 1024 -12.655300 ) (704 320 -12.655300 ) 
4 83 84 (448 320 128 ) (448 320 112 ) (704 320 112 ) (704 320 128 ) 
4 84 89 (448 288 112 ) (448 288 128 ) (448 320 128 ) (448 320 112 ) 
4 85 93 (448 288 -448 ) (448 288 -23.752300 ) (448 1024 -23.752300 ) (448 1024 -448 ) 
4 85 88 (448 320 -12.655300 ) (448 1024 -12.655300 ) (448 1024 -23.752300 ) (448 320 -23.752300 ) 
4 85 87 (448 288 -28 ) (448 288 -448 ) (704 288 -448 ) (704 288 -28 ) 
4 86 94 (512 32 4 ) (624 32 4 ) (624 32 105 ) (512 32 105 ) 
4 87 99 (448 32 -28 ) (448 32 -448 ) (704 32 -448 ) (704 32 -28 ) 
4 87 93 (448 32 -448 ) (448 32 -28 ) (448 288 -28 ) (448 288 -448 ) 
4 88 93 (448 1024 -23.752300 ) (448 320 -23.752300 ) (416 320 -23.752300 ) (416 1024 -23.752300 ) 
4 88 89 (416 320 128 ) (416 320 112 ) (448 320 112 ) (448 320 128 ) 
4 88 90 (416 1024 -23.752300 ) (416 320 -23.752300 ) (416 320 128 ) (416 1024 128 ) 
4 89 90 (416 32 112 ) (416 32 128 ) (416 320 128 ) (416 320 112 ) 
4 90 98 (358 32 0 ) (358 32 -23.752300 ) (416 32 -23.752300 ) (416 32 0 ) 
4 90 93 (416 32 -23.752300 ) (358 32 -23.752300 ) (358 1024 -23.752300 ) (416 1024 -23.752300 ) 
4 90 91 (358 1024 -23.752300 ) (358 809 -23.752300 ) (358 809 0 ) (358 1024 0 ) 
4 90 92 (358 809 -23.752300 ) (358 32 -23.752300 ) (358 32 128 ) (358 809 128 ) 
4 91 106 (0 1024 0 ) (0 1024 -23.752300 ) (0 809 -23.752300 ) (0 809 0 ) 
4 91 93 (0 809 -23.752300 ) (0 1024 -23.752300 ) (358 1024 -23.752300 ) (358 809 -23.752300 ) 
4 91 92 (0 809 -23.752300 ) (358 809 -23.752300 ) (358 809 0 ) (0 809 0 ) 
4 92 106 (0 809 -23.752300 ) (0 32 -23.752300 ) (0 32 0 ) (0 809 0 ) 
4 92 105 (0 32 0 ) (0 32 128 ) (0 48 128 ) (0 48 0 ) 
4 92 101 (0 48 128 ) (0 809 128 ) (0 809 0 ) (0 48 0 ) 
4 92 98 (0 32 0 ) (0 32 -23.752300 ) (358 32 -23.752300 ) (358 32 0 ) 
4 92 93 (358 32 -23.752300 ) (0 32 -23.752300 ) (0 809 -23.752300 ) (358 809 -23.752300 ) 
4 93 106 (0 1024 -23.752300 ) (0 1024 -448 ) (0 32 -448 ) (0 32 -23.752300 ) 
4 93 99 (0 32 -28 ) (0 32 -448 ) (448 32 -448 ) (448 32 -28 ) 
4 93 98 (0 32 -23.752300 ) (0 32 -28 ) (448 32 -28 ) (448 32 -23.752300 ) 
4 94 95 (624 16 105 ) (512 16 105 ) (512 16 4 ) (624 16 4 ) 
4 95 137 (512 0 105 ) (512 0 0 ) (624 0 0 ) (624 0 105 ) 
4 95 97 (624 0 0 ) (512 0 0 ) (512 16 0 ) (624 16 0 ) 
4 96 137 (1024 0 -28 ) (1024 0 0 ) (704 0 0 ) (704 0 -28 ) 
4 96 99 (1024 0 -28 ) (704 0 -28 ) (704 32 -28 ) (1024 32 -28 ) 
4 96 97 (704 16 -28 ) (704 0 -28 ) (704 0 0 ) (704 16 0 ) 
4 97 137 (704 0 0 ) (448 0 0 ) (448 0 -28 ) (704 0 -28 ) 
4 97 99 (704 0 -28 ) (448 0 -28 ) (448 16 -28 ) (704 16 -28 ) 
4 97 98 (448 16 -28 ) (448 0 -28 ) (448 0 0 ) (448 16 0 ) 
4 98 137 (448 0 0 ) (0 0 0 ) (0 0 -28 ) (448 0 -28 ) 
4 98 106 (0 0 -28 ) (0 0 0 ) (0 32 0 ) (0 32 -28 ) 
4 98 99 (448 0 -28 ) (0 0 -28 ) (0 32 -28 ) (448 32 -28 ) 
4 99 137 (1024 0 -448 ) (1024 0 -28 ) (0 0 -28 ) (0 0 -448 ) 
4 99 106 (0 0 -448 ) (0 0 -28 ) (0 32 -28 ) (0 32 -448 ) 
4 100 184 (-1024 0 422 ) (-1024 0 4480 ) (-1024 48 4480 ) (-1024 48 422 ) 
4 100 183 (-1024 48 4480 ) (-1024 1024 4480 ) (-1024 1024 422 ) (-1024 48 422 ) 
4 100 170 (0 0 422 ) (0 0 4480 ) (-208 0 4480 ) (-208 0 422 ) 
4 100 173 (-208 0 4480 ) (-1024 0 4480 ) (-1024 0 422 ) (-208 0 422 ) 
4 100 103 (0 0 422 ) (-1024 0 422 ) (-1024 48 422 ) (0 48 422 ) 
4 100 101 (0 809 422 ) (0 48 422 ) (-408 48 422 ) (-408 809 422 ) 
4 100 102 (-1024 48 422 ) (-1024 1024 422 ) (-408 1024 422 ) (-408 48 422 ) 
4 101 106 (0 809 0 ) (0 48 0 ) (-408 48 0 ) (-408 809 0 ) 
4 101 105 (-408 48 0 ) (0 48 0 ) (0 48 128 ) (-408 48 128 ) 
4 101 103 (0 48 136 ) (0 48 422 ) (-408 48 422 ) (-408 48 136 ) 
4 101 102 (-408 809 0 ) (-408 48 0 ) (-408 48 422 ) (-408 809 422 ) 
4 102 187 (-1024 1024 128 ) (-1024 1024 0 ) (-1024 48 0 ) (-1024 48 128 ) 
4 102 183 (-1024 48 422 ) (-1024 1024 422 ) (-1024 1024 128 ) (-1024 48 128 ) 
4 102 106 (-408 48 0 ) (-1024 48 0 ) (-1024 1024 0 ) (-408 1024 0 ) 
4 102 105 (-1024 48 0 ) (-408 48 0 ) (-408 48 128 ) (-1024 48 128 ) 
4 102 103 (-408 48 136 ) (-408 48 422 ) (-1024 48 422 ) (-1024 48 136 ) 
4 103 184 (-1024 0 172 ) (-1024 0 422 ) (-1024 48 422 ) (-1024 48 136 ) 
4 103 172 (0 0 197.517212 ) (0 0 205.695740 ) (-208 0 205.695755 ) (-208 0 197.517212 ) 
4 103 170 (0 0 205.695740 ) (0 0 422 ) (-208 0 422 ) (-208 0 205.695755 ) 
4 103 173 (-208 0 422 ) (-1024 0 422 ) (-1024 0 197.517212 ) (-208 0 197.517212 ) 
4 103 153 (0 0 172 ) (0 0 197.517212 ) (-1024 0 197.517212 ) (-1024 0 172 ) 
4 103 104 (0 15.998045 159.998535 ) (0 0 171.997070 ) (-1024 0 171.997070 ) (-1024 15.998047 159.998535 ) 
3 104 185 (-1024 0 148 ) (-1024 0 172 ) (-1024 16 160 ) 
4 104 153 (0 0 148 ) (0 0 172 ) (-1024 0 172 ) (-1024 0 148 ) 
4 105 187 (-1024 32 128 ) (-1024 48 128 ) (-1024 48 0 ) (-1024 32 0 ) 
4 105 106 (0 48 0 ) (0 32 0 ) (-1024 32 0 ) (-1024 48 0 ) 
4 106 188 (-1024 0 -448 ) (-1024 0 0 ) (-1024 32 0 ) (-1024 32 -448 ) 
4 106 187 (-1024 32 0 ) (-1024 1024 0 ) (-1024 1024 -448 ) (-1024 32 -448 ) 
4 106 157 (0 0 -448 ) (0 0 0 ) (-1024 0 0 ) (-1024 0 -448 ) 
4 107 109 (3520 -1024 -448 ) (3520 -1024 4480 ) (3072 -1024 4480 ) (3072 -1024 -448 ) 
4 107 108 (3072 0 4480 ) (3072 0 -448 ) (3072 -1024 -448 ) (3072 -1024 4480 ) 
4 108 119 (2048 0 128 ) (2048 0 -448 ) (2048 -1024 -448 ) (2048 -1024 128 ) 
4 108 116 (2048 0 148 ) (2048 0 128 ) (2048 -16 128 ) (2048 -16 136 ) 
3 108 118 (2048 -16 128 ) (2048 -26.666666 128 ) (2048 -16 136 ) 
5 108 115 (2048 0 4480 ) (2048 0 148 ) (2048 -26.666666 128 ) (2048 -1024 128 ) (2048 -1024 4480 ) 
4 108 110 (3072 -1024 -448 ) (3072 -1024 4480 ) (2048 -1024 4480 ) (2048 -1024 -448 ) 
4 109 111 (3520 -2048 -448 ) (3520 -2048 4480 ) (3072 -2048 4480 ) (3072 -2048 -448 ) 
4 109 110 (3072 -1024 4480 ) (3072 -1024 -448 ) (3072 -2048 -448 ) (3072 -2048 4480 ) 
4 110 120 (2048 -2048 -448 ) (2048 -2048 4480 ) (2048 -1024 4480 ) (2048 -1024 -448 ) 
4 110 112 (3072 -2048 -448 ) (3072 -2048 4480 ) (2048 -2048 4480 ) (2048 -2048 -448 ) 
4 111 113 (3520 -3072 -448 ) (3520 -3072 4480 ) (3072 -3072 4480 ) (3072 -3072 -448 ) 
4 111 112 (3072 -2048 4480 ) (3072 -2048 -448 ) (3072 -3072 -448 ) (3072 -3072 4480 ) 
4 112 176 (2048 -3072 -448 ) (2048 -3072 4480 ) (2048 -2048 4480 ) (2048 -2048 -448 ) 
4 112 114 (3072 -3072 -448 ) (3072 -3072 4480 ) (2048 -3072 4480 ) (2048 -3072 -448 ) 
4 113 221 (3520 -4096 -448 ) (3520 -4096 4480 ) (3072 -4096 4480 ) (3072 -4096 -448 ) 
4 113 114 (3072 -3072 4480 ) (3072 -3072 -448 ) (3072 -4096 -448 ) (3072 -4096 4480 ) 
4 114 222 (3072 -4096 -448 ) (3072 -4096 4480 ) (2048 -4096 4480 ) (2048 -4096 -448 ) 
4 114 177 (2048 -4096 -448 ) (2048 -4096 4480 ) (2048 -3072 4480 ) (2048 -3072 -448 ) 
5 115 149 (1024 -458.508301 128 ) (1024 -1024 128 ) (1024 -1024 4480 ) (1024 -16 4480 ) (1024 -16 195.091263 ) 
3 115 140 (1024 -96 128 ) (1024 -458.508301 128 ) (1024 -96 182.961990 ) 
5 115 138 (1024 -16 136 ) (1024 -26.666666 128 ) (1024 -96 128 ) (1024 -96 182.961990 ) (1024 -16 195.091263 ) 
4 115 126 (1024 0 157.281998 ) (1024 0 148 ) (1024 -16 136 ) (1024 -16 157.281998 ) 
4 115 123 (1024 0 172 ) (1024 0 157.281998 ) (1024 -13 157.281998 ) (1024 -13 172 ) 
4 115 125 (1024 -13 157.281998 ) (1024 -16 157.281998 ) (1024 -16 172 ) (1024 -13 172 ) 
4 115 121 (1024 0 4480 ) (1024 0 172 ) (1024 -16 172 ) (1024 -16 4480 ) 
4 115 120 (2048 -1024 128 ) (2048 -1024 4480 ) (1024 -1024 4480 ) (1024 -1024 128 ) 
4 115 119 (1024 -1024 128 ) (1024 -26.666687 128 ) (2048 -26.666666 128 ) (2048 -1024 128 ) 
3 115 117 (1456 0 147.998047 ) (1472 0 147.998047 ) (1472 -16 135.998047 ) 
4 115 116 (1472 0 147.998047 ) (2048 0 147.998047 ) (2048 -16 135.998047 ) (1472 -16 135.998047 ) 
4 115 118 (2048 -26.664066 128 ) (1024 -26.664066 128 ) (1024 -16 135.998047 ) (2048 -16 135.998047 ) 
4 116 119 (1472 0 128 ) (2048 0 128 ) (2048 -16 128 ) (1472 -16 128 ) 
3 116 117 (1472 -16 135.998535 ) (1472 0 147.998535 ) (1472 0 135.998459 ) 
4 116 118 (1472 -16 128 ) (2048 -16 128 ) (2048 -16 135.998535 ) (1472 -16 135.998535 ) 
3 118 138 (1024 -16 128 ) (1024 -26.666666 128 ) (1024 -16 136 ) 
4 118 119 (1024 -26.666687 128 ) (1024 -16 128 ) (2048 -16 128 ) (2048 -26.666666 128 ) 
3 119 149 (1024 -1024 42.262386 ) (1024 -1024 128 ) (1024 -458.508301 128 ) 
4 119 148 (1024 -16 -448 ) (1024 -1024 -448 ) (1024 -1024 0 ) (1024 -16 0 ) 
4 119 145 (1024 -1024 0 ) (1024 -1024 42.262386 ) (1024 -560 112.612228 ) (1024 -560 0 ) 
5 119 140 (1024 -560 112.612228 ) (1024 -458.508301 128 ) (1024 -96 128 ) (1024 -96 0 ) (1024 -560 0 ) 
4 119 138 (1024 -96 128 ) (1024 -16 128 ) (1024 -16 0 ) (1024 -96 0 ) 
4 119 137 (1024 0 128 ) (1024 0 -448 ) (1024 -16 -448 ) (1024 -16 128 ) 
4 119 120 (2048 -1024 -448 ) (2048 -1024 128 ) (1024 -1024 128 ) (1024 -1024 -448 ) 
4 120 176 (2048 -2048 -448 ) (2048 -2048 4480 ) (1024 -2048 4480 ) (1024 -2048 -448 ) 
4 120 174 (1024 -2048 -448 ) (1024 -2048 4480 ) (1024 -1024 4480 ) (1024 -1024 -448 ) 
4 121 172 (0 0 205.695847 ) (0 0 197.517197 ) (0 -16 195.091354 ) (0 -16 203.269882 ) 
4 121 170 (0 0 4480 ) (0 0 205.695847 ) (0 -16 203.269882 ) (0 -16 4480 ) 
4 121 153 (0 0 197.517197 ) (0 0 172 ) (0 -16 172 ) (0 -16 195.091354 ) 
4 121 152 (0 -16 203.269867 ) (0 -16 195.091431 ) (152 -16 195.091415 ) (152 -16 203.269882 ) 
4 121 150 (152 -16 4480 ) (0 -16 4480 ) (0 -16 203.269867 ) (152 -16 203.269882 ) 
4 121 149 (1024 -16 195.091354 ) (1024 -16 4480 ) (152 -16 4480 ) (152 -16 195.091415 ) 
4 121 139 (136 -16 195.091415 ) (0 -16 195.091431 ) (0 -16 172 ) (136 -16 172 ) 
4 121 138 (1024 -16 172 ) (1024 -16 195.091354 ) (136 -16 195.091415 ) (136 -16 172 ) 
4 121 124 (0 -13 172 ) (0 0 172 ) (475 0 172 ) (488 -13 172 ) 
4 121 123 (661 0 172 ) (1024 0 172 ) (1024 -13 172 ) (648 -13 172 ) 
4 121 122 (517 0 172 ) (619 0 172 ) (632 -13 172 ) (504 -13 172 ) 
4 121 125 (1024 -16 172 ) (0 -16 172 ) (0 -13 172 ) (1024 -13 172 ) 
3 122 134 (508 -13 157.281998 ) (504 -13 157.281998 ) (508 -9 157.281998 ) 
6 122 130 (517 0 157.281998 ) (619 0 157.281998 ) (628 -9 157.281998 ) (628 -13 157.281998 ) (508 -13 157.281998 ) (508 -9 157.281998 ) 
3 122 129 (628 -9 157.281998 ) (632 -13 157.281998 ) (628 -13 157.281998 ) 
4 122 125 (504 -13 157.281998 ) (632 -13 157.281998 ) (632 -13 172 ) (504 -13 172 ) 
3 123 129 (652 -13 157.281998 ) (648 -13 157.281998 ) (652 -9 157.281998 ) 
5 123 126 (661 0 157.281998 ) (1024 0 157.281998 ) (1024 -13 157.281998 ) (652 -13 157.281998 ) (652 -9 157.281998 ) 
4 123 125 (648 -13 157.281998 ) (1024 -13 157.281998 ) (1024 -13 172 ) (648 -13 172 ) 
4 124 153 (0 0 172 ) (0 0 157.281998 ) (0 -13 157.281998 ) (0 -13 172 ) 
5 124 135 (0 -13 157.281998 ) (0 0 157.281998 ) (475 0 157.281998 ) (484 -9 157.281998 ) (484 -13 157.281998 ) 
3 124 134 (484 -9 157.281998 ) (488 -13 157.281998 ) (484 -13 157.281998 ) 
4 124 125 (0 -13 157.281998 ) (488 -13 157.281998 ) (488 -13 172 ) (0 -13 172 ) 
4 125 153 (0 -13 157.281998 ) (0 -16 157.281998 ) (0 -16 172 ) (0 -13 172 ) 
4 125 139 (136 -16 172 ) (0 -16 172 ) (0 -16 157.281998 ) (136 -16 157.281998 ) 
4 125 138 (1024 -16 157.281998 ) (1024 -16 172 ) (136 -16 172 ) (136 -16 157.281998 ) 
4 125 135 (484 -16 157.281998 ) (0 -16 157.281998 ) (0 -13 157.281998 ) (484 -13 157.281998 ) 
4 125 134 (508 -16 157.281998 ) (484 -16 157.281998 ) (484 -13 157.281998 ) (508 -13 157.281998 ) 
4 125 130 (628 -16 157.281998 ) (508 -16 157.281998 ) (508 -13 157.281998 ) (628 -13 157.281998 ) 
4 125 129 (652 -16 157.281998 ) (628 -16 157.281998 ) (628 -13 157.281998 ) (652 -13 157.281998 ) 
4 125 126 (1024 -16 157.281998 ) (652 -16 157.281998 ) (652 -13 157.281998 ) (1024 -13 157.281998 ) 
4 126 138 (1024 -16 136 ) (1024 -16 157.281998 ) (652 -16 157.281998 ) (652 -16 136 ) 
4 126 129 (652 -16 136 ) (652 -16 157.281998 ) (652 -1 157.281998 ) (652 -1 147.250000 ) 
3 126 127 (652 -16 135.998795 ) (652 0 147.998795 ) (665.998596 0 147.998795 ) 
3 127 129 (652 -16 136 ) (652 -1 147.250000 ) (652 -1 136 ) 
4 128 137 (628 -1 128 ) (628 0 128 ) (652 0 128 ) (652 -1 128 ) 
4 128 129 (628 -1 128.281998 ) (628 -1 128 ) (652 -1 128 ) (652 -1 128.281998 ) 
4 129 138 (652 -16 157.281998 ) (628 -16 157.281998 ) (628 -16 128 ) (652 -16 128 ) 
4 129 137 (652 -16 128 ) (628 -16 128 ) (628 -1 128 ) (652 -1 128 ) 
3 129 132 (628 -16 136 ) (628 -1 147.250000 ) (628 -1 136 ) 
4 129 130 (628 -16 136 ) (628 -16 157.281998 ) (628 -1 157.281998 ) (628 -1 147.250000 ) 
4 130 138 (628 -16 157.281998 ) (508 -16 157.281998 ) (508 -16 136 ) (628 -16 136 ) 
4 130 134 (508 -16 136 ) (508 -16 157.281998 ) (508 -1 157.281998 ) (508 -1 147.250000 ) 
3 130 132 (614.001404 0 147.998795 ) (628 0 147.998795 ) (628 -16 135.998795 ) 
3 130 131 (508 -16 135.998795 ) (508 0 147.998795 ) (521.998596 0 147.998795 ) 
3 131 134 (508 -16 136 ) (508 -1 147.250000 ) (508 -1 136 ) 
4 133 137 (484 -1 128 ) (484 0 128 ) (508 0 128 ) (508 -1 128 ) 
4 133 134 (484 -1 128.281998 ) (484 -1 128 ) (508 -1 128 ) (508 -1 128.281998 ) 
4 134 138 (508 -16 157.281998 ) (484 -16 157.281998 ) (484 -16 128 ) (508 -16 128 ) 
4 134 137 (508 -16 128 ) (484 -16 128 ) (484 -1 128 ) (508 -1 128 ) 
3 134 136 (484 -16 136 ) (484 -1 147.250000 ) (484 -1 136 ) 
4 134 135 (484 -16 136 ) (484 -16 157.281998 ) (484 -1 157.281998 ) (484 -1 147.250000 ) 
4 135 153 (0 0 157.281998 ) (0 0 148 ) (0 -16 136 ) (0 -16 157.281998 ) 
4 135 139 (136 -16 157.281998 ) (0 -16 157.281998 ) (0 -16 136 ) (136 -16 136 ) 
4 135 138 (484 -16 157.281998 ) (136 -16 157.281998 ) (136 -16 136 ) (484 -16 136 ) 
3 135 136 (484 0 147.998795 ) (484 -16 135.998795 ) (470.001404 0 147.998795 ) 
4 137 157 (0 0 0 ) (0 0 -448 ) (0 -16 -448 ) (0 -16 0 ) 
4 137 154 (0 0 128 ) (0 0 0 ) (0 -16 0 ) (0 -16 128 ) 
4 137 148 (1024 -16 -448 ) (1024 -16 0 ) (0 -16 0 ) (0 -16 -448 ) 
4 137 139 (136 -16 128 ) (0 -16 128 ) (0 -16 0 ) (136 -16 0 ) 
4 137 138 (1024 -16 0 ) (1024 -16 128 ) (136 -16 128 ) (136 -16 0 ) 
4 138 152 (152 -16 195.091568 ) (136 -16 195.091568 ) (136 -88 184.175201 ) (152 -88 184.175201 ) 
4 138 149 (1024 -16 195.091568 ) (152 -16 195.091568 ) (152 -96 182.962280 ) (1024 -96 182.962280 ) 
4 138 148 (136 -16 0 ) (1024 -16 0 ) (1024 -96 0 ) (136 -96 0 ) 
4 138 140 (136 -96 0 ) (1024 -96 0 ) (1024 -96 182.962067 ) (136 -96 182.962067 ) 
4 138 139 (136 -16 0 ) (136 -88 0 ) (136 -88 184.175003 ) (136 -16 195.091354 ) 
4 139 155 (0 -88 184.175064 ) (0 -16 195.091415 ) (0 -16 0 ) (0 -88 0 ) 
4 139 152 (136 -16 195.091568 ) (0 -16 195.091568 ) (0 -88 184.175217 ) (136 -88 184.175217 ) 
4 139 148 (0 -88 0 ) (0 -16 0 ) (136 -16 0 ) (136 -88 0 ) 
4 140 149 (152 -560 112.612427 ) (1024 -560 112.612427 ) (1024 -96 182.962280 ) (152 -96 182.962280 ) 
4 140 148 (136 -96 0 ) (1024 -96 0 ) (1024 -560 0 ) (136 -560 0 ) 
4 140 146 (144 -560 112 ) (144 -560 112.612213 ) (136 -560 112.612213 ) (136 -560 112 ) 
4 140 145 (144 -560 0 ) (1024 -560 0 ) (1024 -560 112.612213 ) (144 -560 112.612213 ) 
4 140 141 (136 -416 0 ) (136 -560 0 ) (136 -560 112.612213 ) (136 -416 134.444931 ) 
4 141 148 (136 -416 0 ) (136 -560 0 ) (128 -560 0 ) (128 -416 0 ) 
4 141 146 (136 -560 112 ) (136 -560 112.612213 ) (128 -560 112.612213 ) (128 -560 112 ) 
4 141 144 (128 -560 1 ) (128 -560 112.612213 ) (128 -416 134.444931 ) (128 -416 1 ) 
4 142 158 (0 -328 147.787201 ) (0 -96 182.962128 ) (0 -96 1 ) (0 -328 1 ) 
4 142 143 (0 -328 1 ) (128 -328 1 ) (128 -328 2 ) (0 -328 2 ) 
4 143 159 (0 -328 2 ) (0 -328 1 ) (0 -336 1 ) (0 -336 2 ) 
4 143 144 (0 -336 1 ) (128 -336 1 ) (128 -336 2 ) (0 -336 2 ) 
4 144 162 (0 -560 112.612259 ) (0 -336 146.574265 ) (0 -336 1 ) (0 -560 1 ) 
4 144 146 (128 -560 112 ) (128 -560 112.612213 ) (0 -560 112.612213 ) (0 -560 112 ) 
4 145 174 (1024 -1024 0 ) (1024 -1024 42.262398 ) (144 -1024 42.262333 ) (144 -1024 0 ) 
4 145 151 (144 -1024 42.262577 ) (152 -1024 42.262577 ) (152 -581.668091 109.327194 ) (144 -581.668091 109.327194 ) 
4 145 149 (152 -1024 42.262577 ) (1024 -1024 42.262577 ) (1024 -560 112.612427 ) (152 -560 112.612427 ) 
4 145 148 (1024 -1024 0 ) (144 -1024 0 ) (144 -560 0 ) (1024 -560 0 ) 
3 145 146 (144 -560 112.612213 ) (144 -560 112 ) (144 -564.037903 112 ) 
4 145 147 (144 -568 0 ) (144 -1024 0 ) (144 -1024 42.262363 ) (144 -568 111.399284 ) 
3 146 163 (0 -564.038208 112 ) (0 -560 112.612259 ) (0 -560 112 ) 
4 147 174 (144 -1024 42.262333 ) (0 -1024 42.262321 ) (0 -1024 0 ) (144 -1024 0 ) 
4 147 164 (0 -1024 0 ) (0 -1024 42.262398 ) (0 -568 111.399330 ) (0 -568 0 ) 
4 147 151 (0 -581.668091 109.327194 ) (0 -1024 42.262577 ) (144 -1024 42.262577 ) (144 -581.668091 109.327194 ) 
4 147 148 (144 -1024 0 ) (0 -1024 0 ) (0 -568 0 ) (144 -568 0 ) 
4 148 174 (1024 -1024 -448 ) (1024 -1024 0 ) (0 -1024 0 ) (0 -1024 -448 ) 
4 148 165 (0 -1024 -448 ) (0 -1024 0 ) (0 -96 0 ) (0 -96 -448 ) 
4 148 157 (0 -96 0 ) (0 -16 0 ) (0 -16 -448 ) (0 -96 -448 ) 
4 149 174 (1024 -1024 42.262398 ) (1024 -1024 4480 ) (152 -1024 4480 ) (152 -1024 42.262333 ) 
4 149 152 (152 -16 203.269836 ) (152 -16 195.091141 ) (152 -88 184.174789 ) (152 -90.331779 192 ) 
4 149 151 (152 -581.667969 109.326790 ) (152 -1024 42.262150 ) (152 -1024 50.440960 ) (152 -584 117.151970 ) 
4 149 150 (152 -1024 4480 ) (152 -16 4480 ) (152 -16 203.269836 ) (152 -1024 50.440960 ) 
4 150 174 (152 -1024 4480 ) (0 -1024 4480 ) (0 -1024 50.440964 ) (152 -1024 50.440956 ) 
4 150 170 (0 -1024 50.440960 ) (0 -1024 4480 ) (0 -16 4480 ) (0 -16 203.269852 ) 
4 150 152 (0 -16 203.269394 ) (152 -16 203.269394 ) (152 -90.331657 192 ) (0 -90.331665 192 ) 
4 150 151 (152 -584 117.151527 ) (152 -1024 50.440464 ) (0 -1024 50.440464 ) (0 -584 117.151520 ) 
4 151 174 (0 -1024 50.440964 ) (0 -1024 42.262321 ) (152 -1024 42.262333 ) (152 -1024 50.440956 ) 
4 151 171 (0 -1024 42.262398 ) (0 -1024 50.440960 ) (0 -584 117.151978 ) (0 -581.668030 109.327034 ) 
4 152 172 (0 -90.331779 192 ) (0 -16 203.269852 ) (0 -16 195.091415 ) (0 -88 184.175049 ) 
4 153 198 (-1024 -16 195.091400 ) (-1024 0 197.517258 ) (-1024 0 148 ) (-1024 -16 136 ) 
4 153 172 (0 -16 195.091568 ) (0 0 197.517426 ) (-208 0 197.517426 ) (-208 -16 195.091568 ) 
4 153 173 (-208 0 197.517426 ) (-1024 0 197.517426 ) (-1024 -16 195.091568 ) (-208 -16 195.091568 ) 
4 153 155 (0 -16 136 ) (0 -16 195.091354 ) (-192 -16 195.091354 ) (-192 -16 136 ) 
4 153 156 (-192 -16 195.091354 ) (-1024 -16 195.091354 ) (-1024 -16 136 ) (-192 -16 136 ) 
4 154 199 (-1024 0 128 ) (-1024 0 0 ) (-1024 -16 0 ) (-1024 -16 128 ) 
4 154 157 (-1024 -16 0 ) (-1024 0 0 ) (0 0 0 ) (0 -16 0 ) 
4 154 155 (-192 -16 0 ) (0 -16 0 ) (0 -16 128 ) (-192 -16 128 ) 
4 154 156 (-1024 -16 0 ) (-192 -16 0 ) (-192 -16 128 ) (-1024 -16 128 ) 
4 155 172 (0 -88 184.175217 ) (0 -16 195.091568 ) (-192 -16 195.091568 ) (-192 -88 184.175217 ) 
4 155 157 (-192 -88 0 ) (-192 -16 0 ) (0 -16 0 ) (0 -88 0 ) 
4 155 156 (-192 -16 195.091354 ) (-192 -16 0 ) (-192 -88 0 ) (-192 -88 184.175003 ) 
4 156 200 (-1024 -96 0 ) (-1024 -96 182.962112 ) (-1024 -16 195.091400 ) (-1024 -16 0 ) 
4 156 172 (-192 -16 195.091568 ) (-208 -16 195.091568 ) (-208 -88 184.175201 ) (-192 -88 184.175201 ) 
4 156 173 (-208 -16 195.091568 ) (-1024 -16 195.091568 ) (-1024 -96 182.962280 ) (-208 -96 182.962280 ) 
4 156 168 (-200 -96 182.961868 ) (-1024 -96 182.961868 ) (-1024 -96 0 ) (-200 -96 0 ) 
4 156 157 (-192 -96 0 ) (-1024 -96 0 ) (-1024 -16 0 ) (-192 -16 0 ) 
4 157 199 (-1024 -16 0 ) (-1024 0 0 ) (-1024 0 -448 ) (-1024 -16 -448 ) 
4 157 200 (-1024 -96 -448 ) (-1024 -96 0 ) (-1024 -16 0 ) (-1024 -16 -448 ) 
4 157 169 (-1024 -96 -10.179800 ) (-1024 -96 -448 ) (-192 -96 -448 ) (-192 -96 -10.179800 ) 
4 157 168 (-1024 -96 0 ) (-1024 -96 -10.179800 ) (-200 -96 -10.179800 ) (-200 -96 0 ) 
4 157 165 (-192 -96 -448 ) (0 -96 -448 ) (0 -96 0 ) (-192 -96 0 ) 
4 158 161 (-192 -328 2.532870 ) (-192 -328 1 ) (-176 -328 1 ) (-176 -328 2.532870 ) 
4 158 160 (-176 -328 1 ) (-128 -328 1 ) (-128 -328 110.532997 ) (-176 -328 110.532997 ) 
4 158 159 (-128 -328 1 ) (0 -328 1 ) (0 -328 2 ) (-128 -328 2 ) 
4 159 162 (0 -336 1 ) (0 -336 2 ) (-128 -336 2 ) (-128 -336 1 ) 
4 159 160 (-128 -328 2 ) (-128 -328 1 ) (-128 -336 1 ) (-128 -336 2 ) 
4 160 162 (-128 -336 1 ) (-128 -336 110.532997 ) (-176 -336 110.532997 ) (-176 -336 1 ) 
4 160 161 (-176 -328 2.532870 ) (-176 -328 1 ) (-176 -336 1 ) (-176 -336 2.532870 ) 
4 161 162 (-192 -336 2.532870 ) (-192 -336 1 ) (-176 -336 1 ) (-176 -336 2.532870 ) 
3 162 166 (-192 -560 112 ) (-192 -560 112.612030 ) (-192 -387.907715 138.703979 ) 
4 162 163 (-192 -560 112.612213 ) (-192 -560 112 ) (0 -560 112 ) (0 -560 112.612213 ) 
3 163 167 (-192 -564.036682 112 ) (-192 -560 112.612030 ) (-192 -560 112 ) 
4 164 175 (0 -1024 0 ) (0 -1024 42.262398 ) (-192 -1024 42.262383 ) (-192 -1024 0 ) 
4 164 171 (-192 -1024 42.262577 ) (0 -1024 42.262577 ) (0 -581.668091 109.327202 ) (-192 -581.668091 109.327202 ) 
4 164 167 (-192 -568 0 ) (-192 -1024 0 ) (-192 -1024 42.262177 ) (-192 -568 111.399101 ) 
4 164 165 (0 -1024 0 ) (-192 -1024 0 ) (-192 -568 0 ) (0 -568 0 ) 
4 165 175 (0 -1024 -448 ) (0 -1024 0 ) (-192 -1024 0 ) (-192 -1024 -448 ) 
4 165 169 (-192 -96 -10.179800 ) (-192 -96 -448 ) (-192 -1024 -448 ) (-192 -1024 -10.179800 ) 
4 165 167 (-192 -560 -10.179800 ) (-192 -1024 -10.179800 ) (-192 -1024 0 ) (-192 -560 0 ) 
4 166 167 (-200 -560 112.612221 ) (-200 -560 112 ) (-192 -560 112 ) (-192 -560 112.612221 ) 
3 166 168 (-200 -560 112 ) (-200 -560 112.612228 ) (-200 -387.851288 138.712738 ) 
4 167 175 (-192 -1024 -10.179800 ) (-192 -1024 42.262383 ) (-200 -1024 42.262383 ) (-200 -1024 -10.179800 ) 
4 167 171 (-200 -1024 42.262577 ) (-192 -1024 42.262577 ) (-192 -581.668091 109.327194 ) (-200 -581.668091 109.327194 ) 
4 167 169 (-192 -560 -10.179800 ) (-192 -1024 -10.179800 ) (-200 -1024 -10.179800 ) (-200 -560 -10.179800 ) 
4 167 168 (-200 -560 -10.179800 ) (-200 -1024 -10.179800 ) (-200 -1024 42.262383 ) (-200 -560 112.612228 ) 
4 168 200 (-1024 -1024 -10.179800 ) (-1024 -1024 42.262398 ) (-1024 -96 182.962112 ) (-1024 -96 -10.179800 ) 
4 168 175 (-200 -1024 42.262383 ) (-1024 -1024 42.262321 ) (-1024 -1024 -10.179800 ) (-200 -1024 -10.179800 ) 
4 168 171 (-208 -1024 42.262577 ) (-200 -1024 42.262577 ) (-200 -581.668091 109.327194 ) (-208 -581.668152 109.327194 ) 
4 168 173 (-1024 -1024 42.262577 ) (-208 -1024 42.262577 ) (-208 -96 182.962280 ) (-1024 -96 182.962280 ) 
4 168 169 (-1024 -96 -10.179800 ) (-200 -96 -10.179800 ) (-200 -1024 -10.179800 ) (-1024 -1024 -10.179800 ) 
4 169 200 (-1024 -1024 -448 ) (-1024 -1024 -10.179800 ) (-1024 -96 -10.179800 ) (-1024 -96 -448 ) 
4 169 175 (-192 -1024 -448 ) (-192 -1024 -10.179800 ) (-1024 -1024 -10.179800 ) (-1024 -1024 -448 ) 
4 170 175 (0 -1024 50.440960 ) (0 -1024 4480 ) (-208 -1024 4480 ) (-208 -1024 50.441025 ) 
4 170 172 (-208 -90.331650 192 ) (-208 0 205.695251 ) (0 0 205.695251 ) (0 -90.331665 192 ) 
4 170 171 (0 -1024 50.440464 ) (-208 -1024 50.440464 ) (-208 -584 117.151527 ) (0 -584 117.151527 ) 
4 170 173 (-208 -1024 4480 ) (-208 0 4480 ) (-208 0 205.695648 ) (-208 -1024 50.440964 ) 
4 171 175 (0 -1024 42.262398 ) (0 -1024 50.440960 ) (-208 -1024 50.441025 ) (-208 -1024 42.262383 ) 
4 171 173 (-208 -581.668030 109.326782 ) (-208 -1024 42.262154 ) (-208 -1024 50.440964 ) (-208 -584 117.151962 ) 
4 172 173 (-208 0 205.695648 ) (-208 0 197.516998 ) (-208 -88 184.174789 ) (-208 -90.331772 192 ) 
4 173 198 (-1024 -16 4480 ) (-1024 0 4480 ) (-1024 0 197.517258 ) (-1024 -16 195.091400 ) 
4 173 200 (-1024 -1024 42.262398 ) (-1024 -1024 4480 ) (-1024 -16 4480 ) (-1024 -16 195.091400 ) 
4 173 175 (-208 -1024 4480 ) (-1024 -1024 4480 ) (-1024 -1024 42.262321 ) (-208 -1024 42.262383 ) 
4 174 178 (1024 -2048 -448 ) (1024 -2048 4480 ) (0 -2048 4480 ) (0 -2048 -448 ) 
4 174 175 (0 -1024 4480 ) (0 -1024 -448 ) (0 -2048 -448 ) (0 -2048 4480 ) 
4 175 202 (-1024 -2048 -448 ) (-1024 -2048 4480 ) (-1024 -1024 4480 ) (-1024 -1024 -448 ) 
4 175 179 (0 -2048 -448 ) (0 -2048 4480 ) (-1024 -2048 4480 ) (-1024 -2048 -448 ) 
4 176 178 (1024 -2048 4480 ) (1024 -2048 -448 ) (1024 -3072 -448 ) (1024 -3072 4480 ) 
4 176 177 (2048 -3072 -448 ) (2048 -3072 4480 ) (1024 -3072 4480 ) (1024 -3072 -448 ) 
4 177 227 (2048 -4096 -448 ) (2048 -4096 4480 ) (1024 -4096 4480 ) (1024 -4096 -448 ) 
4 177 180 (1024 -4096 -448 ) (1024 -4096 4480 ) (1024 -3072 4480 ) (1024 -3072 -448 ) 
4 178 180 (1024 -3072 -448 ) (1024 -3072 4480 ) (0 -3072 4480 ) (0 -3072 -448 ) 
4 178 179 (0 -2048 4480 ) (0 -2048 -448 ) (0 -3072 -448 ) (0 -3072 4480 ) 
4 179 207 (-1024 -3072 -448 ) (-1024 -3072 4480 ) (-1024 -2048 4480 ) (-1024 -2048 -448 ) 
4 179 181 (0 -3072 -448 ) (0 -3072 4480 ) (-1024 -3072 4480 ) (-1024 -3072 -448 ) 
4 180 228 (1024 -4096 -448 ) (1024 -4096 4480 ) (0 -4096 4480 ) (0 -4096 -448 ) 
4 180 181 (0 -3072 4480 ) (0 -3072 -448 ) (0 -4096 -448 ) (0 -4096 4480 ) 
4 181 229 (0 -4096 -448 ) (0 -4096 4480 ) (-1024 -4096 4480 ) (-1024 -4096 -448 ) 
4 181 208 (-1024 -4096 -448 ) (-1024 -4096 4480 ) (-1024 -3072 4480 ) (-1024 -3072 -448 ) 
4 182 190 (-2048 1024 -448 ) (-2048 1024 4480 ) (-2048 1088 4480 ) (-2048 1088 -448 ) 
4 182 187 (-1024 1024 -448 ) (-1024 1024 128 ) (-1600 1024 128 ) (-1600 1024 -448 ) 
4 182 189 (-1600 1024 128 ) (-2048 1024 128 ) (-2048 1024 -448 ) (-1600 1024 -448 ) 
4 182 183 (-1024 1024 128 ) (-1024 1024 4480 ) (-1600 1024 4480 ) (-1600 1024 128 ) 
4 182 186 (-1600 1024 4480 ) (-2048 1024 4480 ) (-2048 1024 128 ) (-1600 1024 128 ) 
4 183 187 (-1600 1024 128 ) (-1024 1024 128 ) (-1024 48 128 ) (-1600 48 128 ) 
4 183 184 (-1600 48 4480 ) (-1600 48 136 ) (-1024 48 136 ) (-1024 48 4480 ) 
4 183 186 (-1600 1024 128 ) (-1600 48 128 ) (-1600 48 4480 ) (-1600 1024 4480 ) 
4 184 198 (-1024 0 172 ) (-1024 0 4480 ) (-1600 0 4480 ) (-1600 0 172 ) 
4 184 185 (-1600 0 171.997070 ) (-1600 15.998047 159.998535 ) (-1024 15.998045 159.998535 ) (-1024 0 171.997070 ) 
4 184 186 (-1600 0 172 ) (-1600 0 4480 ) (-1600 48 4480 ) (-1600 48 136 ) 
4 185 198 (-1024 0 148 ) (-1024 0 172 ) (-1600 0 172 ) (-1600 0 148 ) 
3 185 186 (-1600 0 148 ) (-1600 0 172 ) (-1600 16 160 ) 
4 186 201 (-1600 0 4480 ) (-2048 0 4480 ) (-2048 0 128 ) (-1600 0 128 ) 
4 186 192 (-2048 0 128 ) (-2048 0 4480 ) (-2048 1024 4480 ) (-2048 1024 128 ) 
4 186 189 (-2048 0 128 ) (-2048 1024 128 ) (-1600 1024 128 ) (-1600 0 128 ) 
4 187 188 (-1600 32 0 ) (-1600 32 -448 ) (-1024 32 -448 ) (-1024 32 0 ) 
4 187 189 (-1600 1024 -448 ) (-1600 32 -448 ) (-1600 32 128 ) (-1600 1024 128 ) 
4 188 199 (-1024 0 -448 ) (-1024 0 0 ) (-1600 0 0 ) (-1600 0 -448 ) 
4 188 189 (-1600 32 -448 ) (-1600 0 -448 ) (-1600 0 0 ) (-1600 32 0 ) 
4 189 201 (-1600 0 128 ) (-2048 0 128 ) (-2048 0 -448 ) (-1600 0 -448 ) 
4 189 192 (-2048 0 -448 ) (-2048 0 128 ) (-2048 1024 128 ) (-2048 1024 -448 ) 
4 190 192 (-2048 1024 -448 ) (-2048 1024 4480 ) (-3072 1024 4480 ) (-3072 1024 -448 ) 
4 190 191 (-3072 1024 -448 ) (-3072 1024 4480 ) (-3072 1088 4480 ) (-3072 1088 -448 ) 
4 191 194 (-4096 1024 -448 ) (-4096 1024 4480 ) (-4096 1088 4480 ) (-4096 1088 -448 ) 
4 191 193 (-3072 1024 -448 ) (-3072 1024 4480 ) (-4096 1024 4480 ) (-4096 1024 -448 ) 
4 192 203 (-2048 0 -448 ) (-2048 0 4480 ) (-3072 0 4480 ) (-3072 0 -448 ) 
4 192 193 (-3072 1024 4480 ) (-3072 1024 -448 ) (-3072 0 -448 ) (-3072 0 4480 ) 
4 193 204 (-3072 0 -448 ) (-3072 0 4480 ) (-4096 0 4480 ) (-4096 0 -448 ) 
4 193 195 (-4096 0 -448 ) (-4096 0 4480 ) (-4096 1024 4480 ) (-4096 1024 -448 ) 
4 194 196 (-5120 1024 -448 ) (-5120 1024 4480 ) (-5120 1088 4480 ) (-5120 1088 -448 ) 
4 194 195 (-4096 1024 -448 ) (-4096 1024 4480 ) (-5120 1024 4480 ) (-5120 1024 -448 ) 
4 195 213 (-4096 0 -448 ) (-4096 0 4480 ) (-5120 0 4480 ) (-5120 0 -448 ) 
4 195 197 (-5120 0 -448 ) (-5120 0 4480 ) (-5120 1024 4480 ) (-5120 1024 -448 ) 
4 196 197 (-5120 1024 -448 ) (-5120 1024 4480 ) (-5696 1024 4480 ) (-5696 1024 -448 ) 
4 197 215 (-5120 0 -448 ) (-5120 0 4480 ) (-5696 0 4480 ) (-5696 0 -448 ) 
4 198 201 (-1600 -16 136 ) (-1600 -16 4480 ) (-1600 0 4480 ) (-1600 0 148 ) 
4 198 200 (-1600 -16 4480 ) (-1600 -16 136 ) (-1024 -16 136 ) (-1024 -16 4480 ) 
4 199 200 (-1600 -16 128 ) (-1600 -16 -448 ) (-1024 -16 -448 ) (-1024 -16 128 ) 
4 199 201 (-1600 0 -448 ) (-1600 -16 -448 ) (-1600 -16 128 ) (-1600 0 128 ) 
4 200 202 (-1024 -1024 -448 ) (-1024 -1024 4480 ) (-1600 -1024 4480 ) (-1600 -1024 -448 ) 
4 200 201 (-1600 -16 -448 ) (-1600 -1024 -448 ) (-1600 -1024 4480 ) (-1600 -16 4480 ) 
4 201 203 (-2048 0 4480 ) (-2048 0 -448 ) (-2048 -1024 -448 ) (-2048 -1024 4480 ) 
4 201 202 (-1600 -1024 4480 ) (-2048 -1024 4480 ) (-2048 -1024 -448 ) (-1600 -1024 -448 ) 
4 202 207 (-1024 -2048 -448 ) (-1024 -2048 4480 ) (-2048 -2048 4480 ) (-2048 -2048 -448 ) 
4 202 205 (-2048 -2048 -448 ) (-2048 -2048 4480 ) (-2048 -1024 4480 ) (-2048 -1024 -448 ) 
4 203 205 (-2048 -1024 -448 ) (-2048 -1024 4480 ) (-3072 -1024 4480 ) (-3072 -1024 -448 ) 
4 203 204 (-3072 0 4480 ) (-3072 0 -448 ) (-3072 -1024 -448 ) (-3072 -1024 4480 ) 
4 204 213 (-4096 0 4480 ) (-4096 0 -448 ) (-4096 -1024 -448 ) (-4096 -1024 4480 ) 
4 204 206 (-3072 -1024 -448 ) (-3072 -1024 4480 ) (-4096 -1024 4480 ) (-4096 -1024 -448 ) 
4 205 209 (-2048 -2048 -448 ) (-2048 -2048 4480 ) (-3072 -2048 4480 ) (-3072 -2048 -448 ) 
4 205 206 (-3072 -1024 4480 ) (-3072 -1024 -448 ) (-3072 -2048 -448 ) (-3072 -2048 4480 ) 
4 206 214 (-4096 -2048 -448 ) (-4096 -2048 4480 ) (-4096 -1024 4480 ) (-4096 -1024 -448 ) 
4 206 210 (-3072 -2048 -448 ) (-3072 -2048 4480 ) (-4096 -2048 4480 ) (-4096 -2048 -448 ) 
4 207 209 (-2048 -2048 4480 ) (-2048 -2048 -448 ) (-2048 -3072 -448 ) (-2048 -3072 4480 ) 
4 207 208 (-1024 -3072 -448 ) (-1024 -3072 4480 ) (-2048 -3072 4480 ) (-2048 -3072 -448 ) 
4 208 251 (-1024 -4096 -448 ) (-1024 -4096 4480 ) (-2048 -4096 4480 ) (-2048 -4096 -448 ) 
4 208 211 (-2048 -4096 -448 ) (-2048 -4096 4480 ) (-2048 -3072 4480 ) (-2048 -3072 -448 ) 
4 209 211 (-2048 -3072 -448 ) (-2048 -3072 4480 ) (-3072 -3072 4480 ) (-3072 -3072 -448 ) 
4 209 210 (-3072 -2048 4480 ) (-3072 -2048 -448 ) (-3072 -3072 -448 ) (-3072 -3072 4480 ) 
4 210 217 (-4096 -3072 -448 ) (-4096 -3072 4480 ) (-4096 -2048 4480 ) (-4096 -2048 -448 ) 
4 210 212 (-3072 -3072 -448 ) (-3072 -3072 4480 ) (-4096 -3072 4480 ) (-4096 -3072 -448 ) 
4 211 252 (-2048 -4096 -448 ) (-2048 -4096 4480 ) (-3072 -4096 4480 ) (-3072 -4096 -448 ) 
4 211 212 (-3072 -3072 4480 ) (-3072 -3072 -448 ) (-3072 -4096 -448 ) (-3072 -4096 4480 ) 
4 212 253 (-3072 -4096 -448 ) (-3072 -4096 4480 ) (-4096 -4096 4480 ) (-4096 -4096 -448 ) 
4 212 218 (-4096 -4096 -448 ) (-4096 -4096 4480 ) (-4096 -3072 4480 ) (-4096 -3072 -448 ) 
4 213 215 (-5120 0 4480 ) (-5120 0 -448 ) (-5120 -1024 -448 ) (-5120 -1024 4480 ) 
4 213 214 (-4096 -1024 -448 ) (-4096 -1024 4480 ) (-5120 -1024 4480 ) (-5120 -1024 -448 ) 
4 214 217 (-4096 -2048 -448 ) (-4096 -2048 4480 ) (-5120 -2048 4480 ) (-5120 -2048 -448 ) 
4 214 216 (-5120 -2048 -448 ) (-5120 -2048 4480 ) (-5120 -1024 4480 ) (-5120 -1024 -448 ) 
4 215 216 (-5120 -1024 -448 ) (-5120 -1024 4480 ) (-5696 -1024 4480 ) (-5696 -1024 -448 ) 
4 216 219 (-5120 -2048 -448 ) (-5120 -2048 4480 ) (-5696 -2048 4480 ) (-5696 -2048 -448 ) 
4 217 219 (-5120 -2048 4480 ) (-5120 -2048 -448 ) (-5120 -3072 -448 ) (-5120 -3072 4480 ) 
4 217 218 (-4096 -3072 -448 ) (-4096 -3072 4480 ) (-5120 -3072 4480 ) (-5120 -3072 -448 ) 
4 218 260 (-4096 -4096 -448 ) (-4096 -4096 4480 ) (-5120 -4096 4480 ) (-5120 -4096 -448 ) 
4 218 220 (-5120 -4096 -448 ) (-5120 -4096 4480 ) (-5120 -3072 4480 ) (-5120 -3072 -448 ) 
4 219 220 (-5120 -3072 -448 ) (-5120 -3072 4480 ) (-5696 -3072 4480 ) (-5696 -3072 -448 ) 
4 220 261 (-5120 -4096 -448 ) (-5120 -4096 4480 ) (-5696 -4096 4480 ) (-5696 -4096 -448 ) 
4 221 223 (3520 -5120 -448 ) (3520 -5120 4480 ) (3072 -5120 4480 ) (3072 -5120 -448 ) 
4 221 222 (3072 -5120 -448 ) (3072 -5120 4480 ) (3072 -4096 4480 ) (3072 -4096 -448 ) 
4 222 227 (2048 -4096 4480 ) (2048 -4096 -448 ) (2048 -5120 -448 ) (2048 -5120 4480 ) 
4 222 224 (3072 -5120 -448 ) (3072 -5120 4480 ) (2048 -5120 4480 ) (2048 -5120 -448 ) 
4 223 225 (3520 -6144 -448 ) (3520 -6144 4480 ) (3072 -6144 4480 ) (3072 -6144 -448 ) 
4 223 224 (3072 -5120 4480 ) (3072 -5120 -448 ) (3072 -6144 -448 ) (3072 -6144 4480 ) 
4 224 230 (2048 -6144 -448 ) (2048 -6144 4480 ) (2048 -5120 4480 ) (2048 -5120 -448 ) 
4 224 226 (3072 -6144 -448 ) (3072 -6144 4480 ) (2048 -6144 4480 ) (2048 -6144 -448 ) 
4 225 236 (3520 -7168 -448 ) (3520 -7168 4480 ) (3072 -7168 4480 ) (3072 -7168 -448 ) 
4 225 226 (3072 -6144 4480 ) (3072 -6144 -448 ) (3072 -7168 -448 ) (3072 -7168 4480 ) 
4 226 237 (3072 -7168 -448 ) (3072 -7168 4480 ) (2048 -7168 4480 ) (2048 -7168 -448 ) 
4 226 231 (2048 -7168 -448 ) (2048 -7168 4480 ) (2048 -6144 4480 ) (2048 -6144 -448 ) 
4 227 230 (2048 -5120 -448 ) (2048 -5120 4480 ) (1024 -5120 4480 ) (1024 -5120 -448 ) 
4 227 228 (1024 -4096 4480 ) (1024 -4096 -448 ) (1024 -5120 -448 ) (1024 -5120 4480 ) 
4 228 232 (1024 -5120 -448 ) (1024 -5120 4480 ) (0 -5120 4480 ) (0 -5120 -448 ) 
4 228 229 (0 -5120 -448 ) (0 -5120 4480 ) (0 -4096 4480 ) (0 -4096 -448 ) 
4 229 251 (-1024 -4096 4480 ) (-1024 -4096 -448 ) (-1024 -5120 -448 ) (-1024 -5120 4480 ) 
4 229 233 (0 -5120 -448 ) (0 -5120 4480 ) (-1024 -5120 4480 ) (-1024 -5120 -448 ) 
4 230 232 (1024 -5120 4480 ) (1024 -5120 -448 ) (1024 -6144 -448 ) (1024 -6144 4480 ) 
4 230 231 (2048 -6144 -448 ) (2048 -6144 4480 ) (1024 -6144 4480 ) (1024 -6144 -448 ) 
4 231 242 (2048 -7168 -448 ) (2048 -7168 4480 ) (1024 -7168 4480 ) (1024 -7168 -448 ) 
4 231 234 (1024 -7168 -448 ) (1024 -7168 4480 ) (1024 -6144 4480 ) (1024 -6144 -448 ) 
4 232 234 (1024 -6144 -448 ) (1024 -6144 4480 ) (0 -6144 4480 ) (0 -6144 -448 ) 
4 232 233 (0 -5120 4480 ) (0 -5120 -448 ) (0 -6144 -448 ) (0 -6144 4480 ) 
4 233 254 (-1024 -6144 -448 ) (-1024 -6144 4480 ) (-1024 -5120 4480 ) (-1024 -5120 -448 ) 
4 233 235 (0 -6144 -448 ) (0 -6144 4480 ) (-1024 -6144 4480 ) (-1024 -6144 -448 ) 
4 234 244 (1024 -7168 -448 ) (1024 -7168 4480 ) (0 -7168 4480 ) (0 -7168 -448 ) 
4 234 235 (0 -6144 4480 ) (0 -6144 -448 ) (0 -7168 -448 ) (0 -7168 4480 ) 
4 235 255 (-1024 -7168 -448 ) (-1024 -7168 4480 ) (-1024 -6144 4480 ) (-1024 -6144 -448 ) 
4 235 245 (0 -7168 -448 ) (0 -7168 4480 ) (-1024 -7168 4480 ) (-1024 -7168 -448 ) 
4 236 238 (3520 -8192 -448 ) (3520 -8192 4480 ) (3072 -8192 4480 ) (3072 -8192 -448 ) 
4 236 237 (3072 -7168 4480 ) (3072 -7168 -448 ) (3072 -8192 -448 ) (3072 -8192 4480 ) 
4 237 242 (2048 -7168 4480 ) (2048 -7168 -448 ) (2048 -8192 -448 ) (2048 -8192 4480 ) 
4 237 239 (3072 -8192 -448 ) (3072 -8192 4480 ) (2048 -8192 4480 ) (2048 -8192 -448 ) 
4 238 240 (3520 -9216 -448 ) (3520 -9216 4480 ) (3072 -9216 4480 ) (3072 -9216 -448 ) 
4 238 239 (3072 -8192 4480 ) (3072 -8192 -448 ) (3072 -9216 -448 ) (3072 -9216 4480 ) 
4 239 243 (2048 -9216 -448 ) (2048 -9216 4480 ) (2048 -8192 4480 ) (2048 -8192 -448 ) 
4 239 241 (3072 -9216 -448 ) (3072 -9216 4480 ) (2048 -9216 4480 ) (2048 -9216 -448 ) 
4 240 241 (3072 -9216 4480 ) (3072 -9216 -448 ) (3072 -9792 -448 ) (3072 -9792 4480 ) 
4 241 248 (2048 -9792 -448 ) (2048 -9792 4480 ) (2048 -9216 4480 ) (2048 -9216 -448 ) 
4 242 244 (1024 -7168 4480 ) (1024 -7168 -448 ) (1024 -8192 -448 ) (1024 -8192 4480 ) 
4 242 243 (2048 -8192 -448 ) (2048 -8192 4480 ) (1024 -8192 4480 ) (1024 -8192 -448 ) 
4 243 248 (2048 -9216 -448 ) (2048 -9216 4480 ) (1024 -9216 4480 ) (1024 -9216 -448 ) 
4 243 246 (1024 -9216 -448 ) (1024 -9216 4480 ) (1024 -8192 4480 ) (1024 -8192 -448 ) 
4 244 246 (1024 -8192 -448 ) (1024 -8192 4480 ) (0 -8192 4480 ) (0 -8192 -448 ) 
4 244 245 (0 -7168 4480 ) (0 -7168 -448 ) (0 -8192 -448 ) (0 -8192 4480 ) 
4 245 266 (-1024 -8192 -448 ) (-1024 -8192 4480 ) (-1024 -7168 4480 ) (-1024 -7168 -448 ) 
4 245 247 (0 -8192 -448 ) (0 -8192 4480 ) (-1024 -8192 4480 ) (-1024 -8192 -448 ) 
4 246 249 (1024 -9216 -448 ) (1024 -9216 4480 ) (0 -9216 4480 ) (0 -9216 -448 ) 
4 246 247 (0 -8192 4480 ) (0 -8192 -448 ) (0 -9216 -448 ) (0 -9216 4480 ) 
4 247 267 (-1024 -9216 -448 ) (-1024 -9216 4480 ) (-1024 -8192 4480 ) (-1024 -8192 -448 ) 
4 247 250 (0 -9216 -448 ) (0 -9216 4480 ) (-1024 -9216 4480 ) (-1024 -9216 -448 ) 
4 248 249 (1024 -9216 4480 ) (1024 -9216 -448 ) (1024 -9792 -448 ) (1024 -9792 4480 ) 
4 249 250 (0 -9216 4480 ) (0 -9216 -448 ) (0 -9792 -448 ) (0 -9792 4480 ) 
4 250 272 (-1024 -9792 -448 ) (-1024 -9792 4480 ) (-1024 -9216 4480 ) (-1024 -9216 -448 ) 
4 251 254 (-1024 -5120 -448 ) (-1024 -5120 4480 ) (-2048 -5120 4480 ) (-2048 -5120 -448 ) 
4 251 252 (-2048 -4096 4480 ) (-2048 -4096 -448 ) (-2048 -5120 -448 ) (-2048 -5120 4480 ) 
4 252 256 (-2048 -5120 -448 ) (-2048 -5120 4480 ) (-3072 -5120 4480 ) (-3072 -5120 -448 ) 
4 252 253 (-3072 -5120 -448 ) (-3072 -5120 4480 ) (-3072 -4096 4480 ) (-3072 -4096 -448 ) 
4 253 260 (-4096 -4096 4480 ) (-4096 -4096 -448 ) (-4096 -5120 -448 ) (-4096 -5120 4480 ) 
4 253 257 (-3072 -5120 -448 ) (-3072 -5120 4480 ) (-4096 -5120 4480 ) (-4096 -5120 -448 ) 
4 254 256 (-2048 -5120 4480 ) (-2048 -5120 -448 ) (-2048 -6144 -448 ) (-2048 -6144 4480 ) 
4 254 255 (-1024 -6144 -448 ) (-1024 -6144 4480 ) (-2048 -6144 4480 ) (-2048 -6144 -448 ) 
4 255 266 (-1024 -7168 -448 ) (-1024 -7168 4480 ) (-2048 -7168 4480 ) (-2048 -7168 -448 ) 
4 255 258 (-2048 -7168 -448 ) (-2048 -7168 4480 ) (-2048 -6144 4480 ) (-2048 -6144 -448 ) 
4 256 258 (-2048 -6144 -448 ) (-2048 -6144 4480 ) (-3072 -6144 4480 ) (-3072 -6144 -448 ) 
4 256 257 (-3072 -5120 4480 ) (-3072 -5120 -448 ) (-3072 -6144 -448 ) (-3072 -6144 4480 ) 
4 257 262 (-4096 -6144 -448 ) (-4096 -6144 4480 ) (-4096 -5120 4480 ) (-4096 -5120 -448 ) 
4 257 259 (-3072 -6144 -448 ) (-3072 -6144 4480 ) (-4096 -6144 4480 ) (-4096 -6144 -448 ) 
4 258 268 (-2048 -7168 -448 ) (-2048 -7168 4480 ) (-3072 -7168 4480 ) (-3072 -7168 -448 ) 
4 258 259 (-3072 -6144 4480 ) (-3072 -6144 -448 ) (-3072 -7168 -448 ) (-3072 -7168 4480 ) 
4 259 269 (-3072 -7168 -448 ) (-3072 -7168 4480 ) (-4096 -7168 4480 ) (-4096 -7168 -448 ) 
4 259 263 (-4096 -7168 -448 ) (-4096 -7168 4480 ) (-4096 -6144 4480 ) (-4096 -6144 -448 ) 
4 260 262 (-4096 -5120 -448 ) (-4096 -5120 4480 ) (-5120 -5120 4480 ) (-5120 -5120 -448 ) 
4 260 261 (-5120 -4096 4480 ) (-5120 -4096 -448 ) (-5120 -5120 -448 ) (-5120 -5120 4480 ) 
4 261 264 (-5120 -5120 -448 ) (-5120 -5120 4480 ) (-5696 -5120 4480 ) (-5696 -5120 -448 ) 
4 262 264 (-5120 -5120 4480 ) (-5120 -5120 -448 ) (-5120 -6144 -448 ) (-5120 -6144 4480 ) 
4 262 263 (-4096 -6144 -448 ) (-4096 -6144 4480 ) (-5120 -6144 4480 ) (-5120 -6144 -448 ) 
4 263 275 (-4096 -7168 -448 ) (-4096 -7168 4480 ) (-5120 -7168 4480 ) (-5120 -7168 -448 ) 
4 263 265 (-5120 -7168 -448 ) (-5120 -7168 4480 ) (-5120 -6144 4480 ) (-5120 -6144 -448 ) 
4 264 265 (-5120 -6144 -448 ) (-5120 -6144 4480 ) (-5696 -6144 4480 ) (-5696 -6144 -448 ) 
4 265 277 (-5120 -7168 -448 ) (-5120 -7168 4480 ) (-5696 -7168 4480 ) (-5696 -7168 -448 ) 
4 266 268 (-2048 -7168 4480 ) (-2048 -7168 -448 ) (-2048 -8192 -448 ) (-2048 -8192 4480 ) 
4 266 267 (-1024 -8192 -448 ) (-1024 -8192 4480 ) (-2048 -8192 4480 ) (-2048 -8192 -448 ) 
4 267 272 (-1024 -9216 -448 ) (-1024 -9216 4480 ) (-2048 -9216 4480 ) (-2048 -9216 -448 ) 
4 267 270 (-2048 -9216 -448 ) (-2048 -9216 4480 ) (-2048 -8192 4480 ) (-2048 -8192 -448 ) 
4 268 270 (-2048 -8192 -448 ) (-2048 -8192 4480 ) (-3072 -8192 4480 ) (-3072 -8192 -448 ) 
4 268 269 (-3072 -7168 4480 ) (-3072 -7168 -448 ) (-3072 -8192 -448 ) (-3072 -8192 4480 ) 
4 269 275 (-4096 -7168 4480 ) (-4096 -7168 -448 ) (-4096 -8192 -448 ) (-4096 -8192 4480 ) 
4 269 271 (-3072 -8192 -448 ) (-3072 -8192 4480 ) (-4096 -8192 4480 ) (-4096 -8192 -448 ) 
4 270 273 (-2048 -9216 -448 ) (-2048 -9216 4480 ) (-3072 -9216 4480 ) (-3072 -9216 -448 ) 
4 270 271 (-3072 -8192 4480 ) (-3072 -8192 -448 ) (-3072 -9216 -448 ) (-3072 -9216 4480 ) 
4 271 276 (-4096 -9216 -448 ) (-4096 -9216 4480 ) (-4096 -8192 4480 ) (-4096 -8192 -448 ) 
4 271 274 (-3072 -9216 -448 ) (-3072 -9216 4480 ) (-4096 -9216 4480 ) (-4096 -9216 -448 ) 
4 272 273 (-2048 -9216 4480 ) (-2048 -9216 -448 ) (-2048 -9792 -448 ) (-2048 -9792 4480 ) 
4 273 274 (-3072 -9216 4480 ) (-3072 -9216 -448 ) (-3072 -9792 -448 ) (-3072 -9792 4480 ) 
4 274 279 (-4096 -9792 -448 ) (-4096 -9792 4480 ) (-4096 -9216 4480 ) (-4096 -9216 -448 ) 
4 275 277 (-5120 -7168 4480 ) (-5120 -7168 -448 ) (-5120 -8192 -448 ) (-5120 -8192 4480 ) 
4 275 276 (-4096 -8192 -448 ) (-4096 -8192 4480 ) (-5120 -8192 4480 ) (-5120 -8192 -448 ) 
4 276 279 (-4096 -9216 -448 ) (-4096 -9216 4480 ) (-5120 -9216 4480 ) (-5120 -9216 -448 ) 
4 276 278 (-5120 -9216 -448 ) (-5120 -9216 4480 ) (-5120 -8192 4480 ) (-5120 -8192 -448 ) 
4 277 278 (-5120 -8192 -448 ) (-5120 -8192 4480 ) (-5696 -8192 4480 ) (-5696 -8192 -448 ) 
4 278 280 (-5120 -9216 -448 ) (-5120 -9216 4480 ) (-5696 -9216 4480 ) (-5696 -9216 -448 ) 
4 279 280 (-5120 -9216 4480 ) (-5120 -9216 -448 ) (-5120 -9792 -448 ) (-5120 -9792 4480 ) 
